<!DOCTYPE html>

<html>
  <head>
  <meta charset='utf-8'>
  <title>TestNG reports</title>

    <link type="text/css" href="testng-reports1.css" rel="stylesheet" id="ultra" />
    <link type="text/css" href="testng-reports.css" rel="stylesheet" id="retro" disabled="false"/>
    <script type="text/javascript" src="jquery.min.js"></script>
    <script type="text/javascript" src="testng-reports.js"></script>
    <script type="text/javascript" src="https://www.google.com/jsapi"></script>
    <script type='text/javascript'>
      google.load('visualization', '1', {packages:['table']});
      google.setOnLoadCallback(drawTable);
      var suiteTableInitFunctions = new Array();
      var suiteTableData = new Array();
    </script>
    <!--
      <script type="text/javascript" src="jquery-ui/js/jquery-ui-1.8.16.custom.min.js"></script>
     -->
  </head>

  <body>
    <div class="top-banner-root">
      <span class="top-banner-title-font">Test results</span>
      <button id="button" class="button">Switch Retro Theme</button> <!-- button -->
      <br/>
      <span class="top-banner-font-1">1 suite, 9 failed tests</span>
    </div> <!-- top-banner-root -->
    <div class="navigator-root">
      <div class="navigator-suite-header">
        <span>All suites</span>
        <a href="#" title="Collapse/expand all the suites" class="collapse-all-link">
          <img src="collapseall.gif" class="collapse-all-icon">
          </img> <!-- collapse-all-icon -->
        </a> <!-- collapse-all-link -->
      </div> <!-- navigator-suite-header -->
      <div class="suite">
        <div class="rounded-window">
          <div class="suite-header light-rounded-window-top">
            <a href="#" panel-name="suite-Suite" class="navigator-link">
              <span class="suite-name border-failed">Suite</span>
            </a> <!-- navigator-link -->
          </div> <!-- suite-header light-rounded-window-top -->
          <div class="navigator-suite-content">
            <div class="suite-section-title">
              <span>Info</span>
            </div> <!-- suite-section-title -->
            <div class="suite-section-content">
              <ul>
                <li>
                  <a href="#" panel-name="test-xml-Suite" class="navigator-link ">
                    <span>D:\git-handson\BuffalocartCRM.Project\extentreports.xml</span>
                  </a> <!-- navigator-link  -->
                </li>
                <li>
                  <a href="#" panel-name="testlist-Suite" class="navigator-link ">
                    <span class="test-stats">1 test</span>
                  </a> <!-- navigator-link  -->
                </li>
                <li>
                  <a href="#" panel-name="group-Suite" class="navigator-link ">
                    <span>1 group</span>
                  </a> <!-- navigator-link  -->
                </li>
                <li>
                  <a href="#" panel-name="times-Suite" class="navigator-link ">
                    <span>Times</span>
                  </a> <!-- navigator-link  -->
                </li>
                <li>
                  <a href="#" panel-name="reporter-Suite" class="navigator-link ">
                    <span>Reporter output</span>
                  </a> <!-- navigator-link  -->
                </li>
                <li>
                  <a href="#" panel-name="ignored-methods-Suite" class="navigator-link ">
                    <span>Ignored methods</span>
                  </a> <!-- navigator-link  -->
                </li>
                <li>
                  <a href="#" panel-name="chronological-Suite" class="navigator-link ">
                    <span>Chronological view</span>
                  </a> <!-- navigator-link  -->
                </li>
              </ul>
            </div> <!-- suite-section-content -->
            <div class="result-section">
              <div class="suite-section-title">
                <span>Results</span>
              </div> <!-- suite-section-title -->
              <div class="suite-section-content">
                <ul>
                  <li>
                    <span class="method-stats">31 methods, 9 failed,   22 passed</span>
                  </li>
                  <li>
                    <span class="method-list-title failed">Failed methods</span>
                    <span class="show-or-hide-methods failed">
                      <a href="#" panel-name="suite-Suite" class="hide-methods failed suite-Suite"> (hide)</a> <!-- hide-methods failed suite-Suite -->
                      <a href="#" panel-name="suite-Suite" class="show-methods failed suite-Suite"> (show)</a> <!-- show-methods failed suite-Suite -->
                    </span>
                    <div class="method-list-content failed suite-Suite">
                      <span>
                        <img src="failed.png" width="3%"/>
                        <a href="#" panel-name="suite-Suite" title="BuffalocartCRM.Project.Scripts.NotesTest" class="method navigator-link" hash-for-method="verifyAdd">verifyAdd</a> <!-- method navigator-link -->
                      </span>
                      <br/>
                      <span>
                        <img src="failed.png" width="3%"/>
                        <a href="#" panel-name="suite-Suite" title="BuffalocartCRM.Project.Scripts.ExpenseTest" class="method navigator-link" hash-for-method="verifyChart">verifyChart</a> <!-- method navigator-link -->
                      </span>
                      <br/>
                      <span>
                        <img src="failed.png" width="3%"/>
                        <a href="#" panel-name="suite-Suite" title="BuffalocartCRM.Project.Scripts.ExpenseTest" class="method navigator-link" hash-for-method="verifyExpenses">verifyExpenses</a> <!-- method navigator-link -->
                      </span>
                      <br/>
                      <span>
                        <img src="failed.png" width="3%"/>
                        <a href="#" panel-name="suite-Suite" title="BuffalocartCRM.Project.Scripts.ExpenseTest" class="method navigator-link" hash-for-method="verifyMonthly">verifyMonthly</a> <!-- method navigator-link -->
                      </span>
                      <br/>
                      <span>
                        <img src="failed.png" width="3%"/>
                        <a href="#" panel-name="suite-Suite" title="BuffalocartCRM.Project.Scripts.NotesTest" class="method navigator-link" hash-for-method="verifyNotes">verifyNotes</a> <!-- method navigator-link -->
                      </span>
                      <br/>
                      <span>
                        <img src="failed.png" width="3%"/>
                        <a href="#" panel-name="suite-Suite" title="BuffalocartCRM.Project.Scripts.ExpenseTest" class="method navigator-link" hash-for-method="verifyRecurring">verifyRecurring</a> <!-- method navigator-link -->
                      </span>
                      <br/>
                      <span>
                        <img src="failed.png" width="3%"/>
                        <a href="#" panel-name="suite-Suite" title="BuffalocartCRM.Project.Scripts.ExpenseTest" class="method navigator-link" hash-for-method="verifySummary">verifySummary</a> <!-- method navigator-link -->
                      </span>
                      <br/>
                      <span>
                        <img src="failed.png" width="3%"/>
                        <a href="#" panel-name="suite-Suite" title="BuffalocartCRM.Project.Scripts.ExpenseTest" class="method navigator-link" hash-for-method="verifyYearly">verifyYearly</a> <!-- method navigator-link -->
                      </span>
                      <br/>
                      <span>
                        <img src="failed.png" width="3%"/>
                        <a href="#" panel-name="suite-Suite" title="BuffalocartCRM.Project.Scripts.ExpenseTest" class="method navigator-link" hash-for-method="verifycustom">verifycustom</a> <!-- method navigator-link -->
                      </span>
                      <br/>
                    </div> <!-- method-list-content failed suite-Suite -->
                  </li>
                  <li>
                    <span class="method-list-title passed">Passed methods</span>
                    <span class="show-or-hide-methods passed">
                      <a href="#" panel-name="suite-Suite" class="hide-methods passed suite-Suite"> (hide)</a> <!-- hide-methods passed suite-Suite -->
                      <a href="#" panel-name="suite-Suite" class="show-methods passed suite-Suite"> (show)</a> <!-- show-methods passed suite-Suite -->
                    </span>
                    <div class="method-list-content passed suite-Suite">
                      <span>
                        <img src="passed.png" width="3%"/>
                        <a href="#" panel-name="suite-Suite" title="BuffalocartCRM.Project.Scripts.DashboardTest" class="method navigator-link" hash-for-method="testBase">testBase</a> <!-- method navigator-link -->
                      </span>
                      <br/>
                      <span>
                        <img src="passed.png" width="3%"/>
                        <a href="#" panel-name="suite-Suite" title="BuffalocartCRM.Project.Scripts.ExpenseTest" class="method navigator-link" hash-for-method="testBase">testBase</a> <!-- method navigator-link -->
                      </span>
                      <br/>
                      <span>
                        <img src="passed.png" width="3%"/>
                        <a href="#" panel-name="suite-Suite" title="BuffalocartCRM.Project.Scripts.LoginTest" class="method navigator-link" hash-for-method="testBase">testBase</a> <!-- method navigator-link -->
                      </span>
                      <br/>
                      <span>
                        <img src="passed.png" width="3%"/>
                        <a href="#" panel-name="suite-Suite" title="BuffalocartCRM.Project.Scripts.EventTest" class="method navigator-link" hash-for-method="testBase">testBase</a> <!-- method navigator-link -->
                      </span>
                      <br/>
                      <span>
                        <img src="passed.png" width="3%"/>
                        <a href="#" panel-name="suite-Suite" title="BuffalocartCRM.Project.Scripts.NotesTest" class="method navigator-link" hash-for-method="testBase">testBase</a> <!-- method navigator-link -->
                      </span>
                      <br/>
                      <span>
                        <img src="passed.png" width="3%"/>
                        <a href="#" panel-name="suite-Suite" title="BuffalocartCRM.Project.Scripts.TaskTest" class="method navigator-link" hash-for-method="testBase">testBase</a> <!-- method navigator-link -->
                      </span>
                      <br/>
                      <span>
                        <img src="passed.png" width="3%"/>
                        <a href="#" panel-name="suite-Suite" title="BuffalocartCRM.Project.Scripts.EventTest" class="method navigator-link" hash-for-method="verifyAddEvent">verifyAddEvent</a> <!-- method navigator-link -->
                      </span>
                      <br/>
                      <span>
                        <img src="passed.png" width="3%"/>
                        <a href="#" panel-name="suite-Suite" title="BuffalocartCRM.Project.Scripts.TaskTest" class="method navigator-link" hash-for-method="verifyAddMultipleTask">verifyAddMultipleTask</a> <!-- method navigator-link -->
                      </span>
                      <br/>
                      <span>
                        <img src="passed.png" width="3%"/>
                        <a href="#" panel-name="suite-Suite" title="BuffalocartCRM.Project.Scripts.EventTest" class="method navigator-link" hash-for-method="verifyEvents">verifyEvents</a> <!-- method navigator-link -->
                      </span>
                      <br/>
                      <span>
                        <img src="passed.png" width="3%"/>
                        <a href="#" panel-name="suite-Suite" title="BuffalocartCRM.Project.Scripts.DashboardTest" class="method navigator-link" hash-for-method="verifyEvents">verifyEvents</a> <!-- method navigator-link -->
                      </span>
                      <br/>
                      <span>
                        <img src="passed.png" width="3%"/>
                        <a href="#" panel-name="suite-Suite" title="BuffalocartCRM.Project.Scripts.TaskTest" class="method navigator-link" hash-for-method="verifyGantt">verifyGantt</a> <!-- method navigator-link -->
                      </span>
                      <br/>
                      <span>
                        <img src="passed.png" width="3%"/>
                        <a href="#" panel-name="suite-Suite" title="BuffalocartCRM.Project.Scripts.TaskTest" class="method navigator-link" hash-for-method="verifyKanban">verifyKanban</a> <!-- method navigator-link -->
                      </span>
                      <br/>
                      <span>
                        <img src="passed.png" width="3%"/>
                        <a href="#" panel-name="suite-Suite" title="BuffalocartCRM.Project.Scripts.LoginTest" class="method navigator-link" hash-for-method="verifyLoginWithInvalidusernameInvalidpassword(admin, 1234)">verifyLoginWithInvalidusernameInvalidpassword(admin, 1234)</a> <!-- method navigator-link -->
                      </span>
                      <br/>
                      <span>
                        <img src="passed.png" width="3%"/>
                        <a href="#" panel-name="suite-Suite" title="BuffalocartCRM.Project.Scripts.LoginTest" class="method navigator-link" hash-for-method="verifyLoginWithInvalidusernameValidpassword(admin, 123456)">verifyLoginWithInvalidusernameValidpassword(admin, 123456)</a> <!-- method navigator-link -->
                      </span>
                      <br/>
                      <span>
                        <img src="passed.png" width="3%"/>
                        <a href="#" panel-name="suite-Suite" title="BuffalocartCRM.Project.Scripts.LoginTest" class="method navigator-link" hash-for-method="verifyLoginWithValidusernameInvalidpassword(admin@admin.com, 12346)">verifyLoginWithValidusernameInvalidpassword(admin@admin.com, 12346)</a> <!-- method navigator-link -->
                      </span>
                      <br/>
                      <span>
                        <img src="passed.png" width="3%"/>
                        <a href="#" panel-name="suite-Suite" title="BuffalocartCRM.Project.Scripts.LoginTest" class="method navigator-link" hash-for-method="verifyLoginWithValidusernameValidpassword(admin@admin.com, 123456)">verifyLoginWithValidusernameValidpassword(admin@admin.com, 123456)</a> <!-- method navigator-link -->
                      </span>
                      <br/>
                      <span>
                        <img src="passed.png" width="3%"/>
                        <a href="#" panel-name="suite-Suite" title="BuffalocartCRM.Project.Scripts.EventTest" class="method navigator-link" hash-for-method="verifyManage">verifyManage</a> <!-- method navigator-link -->
                      </span>
                      <br/>
                      <span>
                        <img src="passed.png" width="3%"/>
                        <a href="#" panel-name="suite-Suite" title="BuffalocartCRM.Project.Scripts.NotesTest" class="method navigator-link" hash-for-method="verifyManage">verifyManage</a> <!-- method navigator-link -->
                      </span>
                      <br/>
                      <span>
                        <img src="passed.png" width="3%"/>
                        <a href="#" panel-name="suite-Suite" title="BuffalocartCRM.Project.Scripts.DashboardTest" class="method navigator-link" hash-for-method="verifyNewPosts">verifyNewPosts</a> <!-- method navigator-link -->
                      </span>
                      <br/>
                      <span>
                        <img src="passed.png" width="3%"/>
                        <a href="#" panel-name="suite-Suite" title="BuffalocartCRM.Project.Scripts.TaskTest" class="method navigator-link" hash-for-method="verifyTask">verifyTask</a> <!-- method navigator-link -->
                      </span>
                      <br/>
                      <span>
                        <img src="passed.png" width="3%"/>
                        <a href="#" panel-name="suite-Suite" title="BuffalocartCRM.Project.Scripts.DashboardTest" class="method navigator-link" hash-for-method="verifydashboardPage">verifydashboardPage</a> <!-- method navigator-link -->
                      </span>
                      <br/>
                      <span>
                        <img src="passed.png" width="3%"/>
                        <a href="#" panel-name="suite-Suite" title="BuffalocartCRM.Project.Scripts.DashboardTest" class="method navigator-link" hash-for-method="verifytest">verifytest</a> <!-- method navigator-link -->
                      </span>
                      <br/>
                    </div> <!-- method-list-content passed suite-Suite -->
                  </li>
                </ul>
              </div> <!-- suite-section-content -->
            </div> <!-- result-section -->
          </div> <!-- navigator-suite-content -->
        </div> <!-- rounded-window -->
      </div> <!-- suite -->
    </div> <!-- navigator-root -->
    <div class="wrapper">
      <div class="main-panel-root">
        <div panel-name="suite-Suite" class="panel Suite">
          <div class="suite-Suite-class-failed">
            <div class="main-panel-header rounded-window-top">
              <img src="failed.png"/>
              <span class="class-name">BuffalocartCRM.Project.Scripts.NotesTest</span>
            </div> <!-- main-panel-header rounded-window-top -->
            <div class="main-panel-content rounded-window-bottom">
              <div class="method">
                <div class="method-content">
                  <a name="verifyAdd">
                  </a> <!-- verifyAdd -->
                  <span class="method-name">verifyAdd</span>
                  <div class="stack-trace">org.openqa.selenium.TimeoutException: Expected condition failed: waiting for visibility of Proxy element for: DefaultElementLocator &apos;By.xpath: (//a[@title=&apos;Add note&apos;])[2]&apos; (tried for 50 second(s) with 500 milliseconds interval)
	at org.openqa.selenium.support.ui.WebDriverWait.timeoutException(WebDriverWait.java:95)
	at org.openqa.selenium.support.ui.FluentWait.until(FluentWait.java:272)
	at BuffalocartCRM.Utilities.PageUtilities.waitForElementTobeVisible(PageUtilities.java:23)
	at BuffalocartCRM.Pages.NotesPage.add(NotesPage.java:58)
	at BuffalocartCRM.Project.Scripts.NotesTest.verifyAdd(NotesTest.java:28)
	at java.base/java.util.ArrayList.forEach(ArrayList.java:1511)
Caused by: org.openqa.selenium.NoSuchElementException: no such element: Unable to locate element: {&quot;method&quot;:&quot;xpath&quot;,&quot;selector&quot;:&quot;(//a[@title=&apos;Add note&apos;])[2]&quot;}
  (Session info: chrome=97.0.4692.99)
For documentation on this error, please visit: https://www.seleniumhq.org/exceptions/no_such_element.html
Build info: version: &apos;3.141.59&apos;, revision: &apos;e82be7d358&apos;, time: &apos;2018-11-14T08:17:03&apos;
System info: host: &apos;LAPTOP-O6K3HA2E&apos;, ip: &apos;192.168.253.181&apos;, os.name: &apos;Windows 10&apos;, os.arch: &apos;amd64&apos;, os.version: &apos;10.0&apos;, java.version: &apos;17&apos;
Driver info: org.openqa.selenium.chrome.ChromeDriver
Capabilities {acceptInsecureCerts: false, browserName: chrome, browserVersion: 97.0.4692.99, chrome: {chromedriverVersion: 97.0.4692.71 (adefa7837d02a..., userDataDir: C:\Users\Saran\AppData\Loca...}, goog:chromeOptions: {debuggerAddress: localhost:61581}, javascriptEnabled: true, networkConnectionEnabled: false, pageLoadStrategy: normal, platform: WINDOWS, platformName: WINDOWS, proxy: Proxy(), setWindowRect: true, strictFileInteractability: false, timeouts: {implicit: 0, pageLoad: 300000, script: 30000}, unhandledPromptBehavior: dismiss and notify, webauthn:extension:credBlob: true, webauthn:extension:largeBlob: true, webauthn:virtualAuthenticators: true}
Session ID: 2b779c06edadae5b3ee1b6acc85f5785
*** Element info: {Using=xpath, value=(//a[@title=&apos;Add note&apos;])[2]}
	at org.openqa.selenium.remote.http.W3CHttpResponseCodec.createException(W3CHttpResponseCodec.java:187)
	at org.openqa.selenium.remote.http.W3CHttpResponseCodec.decode(W3CHttpResponseCodec.java:122)
	at org.openqa.selenium.remote.http.W3CHttpResponseCodec.decode(W3CHttpResponseCodec.java:49)
	at org.openqa.selenium.remote.HttpCommandExecutor.execute(HttpCommandExecutor.java:158)
	at org.openqa.selenium.remote.service.DriverCommandExecutor.execute(DriverCommandExecutor.java:83)
	at org.openqa.selenium.remote.RemoteWebDriver.execute(RemoteWebDriver.java:552)
	at org.openqa.selenium.remote.RemoteWebDriver.findElement(RemoteWebDriver.java:323)
	at org.openqa.selenium.remote.RemoteWebDriver.findElementByXPath(RemoteWebDriver.java:428)
	at org.openqa.selenium.By$ByXPath.findElement(By.java:353)
	at org.openqa.selenium.remote.RemoteWebDriver.findElement(RemoteWebDriver.java:315)
	at org.openqa.selenium.support.pagefactory.DefaultElementLocator.findElement(DefaultElementLocator.java:69)
	at org.openqa.selenium.support.pagefactory.internal.LocatingElementHandler.invoke(LocatingElementHandler.java:38)
	at jdk.proxy2/jdk.proxy2.$Proxy15.isDisplayed(Unknown Source)
	at org.openqa.selenium.support.ui.ExpectedConditions.elementIfVisible(ExpectedConditions.java:314)
	at org.openqa.selenium.support.ui.ExpectedConditions.access$000(ExpectedConditions.java:43)
	at org.openqa.selenium.support.ui.ExpectedConditions$10.apply(ExpectedConditions.java:300)
	at org.openqa.selenium.support.ui.ExpectedConditions$10.apply(ExpectedConditions.java:297)
	at org.openqa.selenium.support.ui.FluentWait.until(FluentWait.java:249)
	... 31 more
... Removed 31 stack frames
</div> <!-- stack-trace -->
                </div> <!-- method-content -->
              </div> <!-- method -->
              <div class="method">
                <div class="method-content">
                  <a name="verifyNotes">
                  </a> <!-- verifyNotes -->
                  <span class="method-name">verifyNotes</span>
                  <div class="stack-trace">org.openqa.selenium.json.JsonException: java.lang.reflect.InvocationTargetException
Build info: version: &apos;3.141.59&apos;, revision: &apos;e82be7d358&apos;, time: &apos;2018-11-14T08:17:03&apos;
System info: host: &apos;LAPTOP-O6K3HA2E&apos;, ip: &apos;192.168.253.181&apos;, os.name: &apos;Windows 10&apos;, os.arch: &apos;amd64&apos;, os.version: &apos;10.0&apos;, java.version: &apos;17&apos;
Driver info: driver.version: RemoteWebDriver
	at org.openqa.selenium.json.JsonOutput.convertUsingMethod(JsonOutput.java:332)
	at org.openqa.selenium.json.JsonOutput.lambda$new$16(JsonOutput.java:155)
	at org.openqa.selenium.json.JsonOutput.write(JsonOutput.java:264)
	at org.openqa.selenium.json.JsonOutput.lambda$null$21(JsonOutput.java:168)
	at java.base/java.util.LinkedHashMap$LinkedValues.forEach(LinkedHashMap.java:647)
	at org.openqa.selenium.json.JsonOutput.lambda$new$22(JsonOutput.java:168)
	at org.openqa.selenium.json.JsonOutput.write(JsonOutput.java:264)
	at org.openqa.selenium.json.JsonOutput.lambda$null$23(JsonOutput.java:177)
	at com.google.common.collect.SingletonImmutableBiMap.forEach(SingletonImmutableBiMap.java:65)
	at org.openqa.selenium.json.JsonOutput.lambda$new$24(JsonOutput.java:176)
	at org.openqa.selenium.json.JsonOutput.write(JsonOutput.java:264)
	at org.openqa.selenium.json.JsonOutput.write(JsonOutput.java:255)
	at org.openqa.selenium.json.Json.toJson(Json.java:42)
	at org.openqa.selenium.remote.http.AbstractHttpCommandCodec.encode(AbstractHttpCommandCodec.java:227)
	at org.openqa.selenium.remote.http.AbstractHttpCommandCodec.encode(AbstractHttpCommandCodec.java:117)
	at org.openqa.selenium.remote.HttpCommandExecutor.execute(HttpCommandExecutor.java:152)
	at org.openqa.selenium.remote.service.DriverCommandExecutor.execute(DriverCommandExecutor.java:83)
	at org.openqa.selenium.remote.RemoteWebDriver.execute(RemoteWebDriver.java:552)
	at org.openqa.selenium.remote.RemoteWebDriver.perform(RemoteWebDriver.java:618)
	at org.openqa.selenium.interactions.Actions$BuiltAction.perform(Actions.java:639)
	at BuffalocartCRM.Utilities.PageUtilities.click(PageUtilities.java:70)
	at BuffalocartCRM.Pages.NotesPage.notes(NotesPage.java:37)
	at BuffalocartCRM.Project.Scripts.NotesTest.verifyNotes(NotesTest.java:15)
	at java.base/java.util.ArrayList.forEach(ArrayList.java:1511)
	Suppressed: org.openqa.selenium.json.JsonException: Attempting to close incomplete json stream
Build info: version: &apos;3.141.59&apos;, revision: &apos;e82be7d358&apos;, time: &apos;2018-11-14T08:17:03&apos;
System info: host: &apos;LAPTOP-O6K3HA2E&apos;, ip: &apos;192.168.253.181&apos;, os.name: &apos;Windows 10&apos;, os.arch: &apos;amd64&apos;, os.version: &apos;10.0&apos;, java.version: &apos;17&apos;
Driver info: driver.version: RemoteWebDriver
		at org.openqa.selenium.json.JsonOutput.close(JsonOutput.java:279)
		at org.openqa.selenium.json.Json.toJson(Json.java:44)
		... 38 more
	at org.openqa.selenium.json.JsonOutput.convertUsingMethod(JsonOutput.java:328)
	... 50 more
Caused by: org.openqa.selenium.NoSuchElementException: no such element: Unable to locate element: {&quot;method&quot;:&quot;xpath&quot;,&quot;selector&quot;:&quot;//a[@href=&apos;http://buffalocart.com/demo/crm/index.php/notes&apos;]&quot;}
  (Session info: chrome=97.0.4692.99)
For documentation on this error, please visit: https://www.seleniumhq.org/exceptions/no_such_element.html
Build info: version: &apos;3.141.59&apos;, revision: &apos;e82be7d358&apos;, time: &apos;2018-11-14T08:17:03&apos;
System info: host: &apos;LAPTOP-O6K3HA2E&apos;, ip: &apos;192.168.253.181&apos;, os.name: &apos;Windows 10&apos;, os.arch: &apos;amd64&apos;, os.version: &apos;10.0&apos;, java.version: &apos;17&apos;
Driver info: org.openqa.selenium.chrome.ChromeDriver
Capabilities {acceptInsecureCerts: false, browserName: chrome, browserVersion: 97.0.4692.99, chrome: {chromedriverVersion: 97.0.4692.71 (adefa7837d02a..., userDataDir: C:\Users\Saran\AppData\Loca...}, goog:chromeOptions: {debuggerAddress: localhost:61581}, javascriptEnabled: true, networkConnectionEnabled: false, pageLoadStrategy: normal, platform: WINDOWS, platformName: WINDOWS, proxy: Proxy(), setWindowRect: true, strictFileInteractability: false, timeouts: {implicit: 0, pageLoad: 300000, script: 30000}, unhandledPromptBehavior: dismiss and notify, webauthn:extension:credBlob: true, webauthn:extension:largeBlob: true, webauthn:virtualAuthenticators: true}
Session ID: 2b779c06edadae5b3ee1b6acc85f5785
*** Element info: {Using=xpath, value=//a[@href=&apos;http://buffalocart.com/demo/crm/index.php/notes&apos;]}
	at org.openqa.selenium.remote.http.W3CHttpResponseCodec.createException(W3CHttpResponseCodec.java:187)
	at org.openqa.selenium.remote.http.W3CHttpResponseCodec.decode(W3CHttpResponseCodec.java:122)
	at org.openqa.selenium.remote.http.W3CHttpResponseCodec.decode(W3CHttpResponseCodec.java:49)
	at org.openqa.selenium.remote.HttpCommandExecutor.execute(HttpCommandExecutor.java:158)
	at org.openqa.selenium.remote.service.DriverCommandExecutor.execute(DriverCommandExecutor.java:83)
	at org.openqa.selenium.remote.RemoteWebDriver.execute(RemoteWebDriver.java:552)
	at org.openqa.selenium.remote.RemoteWebDriver.findElement(RemoteWebDriver.java:323)
	at org.openqa.selenium.remote.RemoteWebDriver.findElementByXPath(RemoteWebDriver.java:428)
	at org.openqa.selenium.By$ByXPath.findElement(By.java:353)
	at org.openqa.selenium.remote.RemoteWebDriver.findElement(RemoteWebDriver.java:315)
	at org.openqa.selenium.support.pagefactory.DefaultElementLocator.findElement(DefaultElementLocator.java:69)
	at org.openqa.selenium.support.pagefactory.internal.LocatingElementHandler.invoke(LocatingElementHandler.java:38)
	at jdk.proxy2/jdk.proxy2.$Proxy15.getWrappedElement(Unknown Source)
	at org.openqa.selenium.interactions.PointerInput$Origin.asArg(PointerInput.java:204)
	at org.openqa.selenium.interactions.PointerInput$Move.encode(PointerInput.java:155)
	at org.openqa.selenium.interactions.Sequence.encode(Sequence.java:75)
	at org.openqa.selenium.interactions.Sequence.toJson(Sequence.java:84)
	... 55 more
... Removed 36 stack frames
</div> <!-- stack-trace -->
                </div> <!-- method-content -->
              </div> <!-- method -->
            </div> <!-- main-panel-content rounded-window-bottom -->
          </div> <!-- suite-Suite-class-failed -->
          <div class="suite-Suite-class-failed">
            <div class="main-panel-header rounded-window-top">
              <img src="failed.png"/>
              <span class="class-name">BuffalocartCRM.Project.Scripts.ExpenseTest</span>
            </div> <!-- main-panel-header rounded-window-top -->
            <div class="main-panel-content rounded-window-bottom">
              <div class="method">
                <div class="method-content">
                  <a name="verifyChart">
                  </a> <!-- verifyChart -->
                  <span class="method-name">verifyChart</span>
                  <div class="stack-trace">org.openqa.selenium.NoSuchElementException: no such element: Unable to locate element: {&quot;method&quot;:&quot;xpath&quot;,&quot;selector&quot;:&quot;//a[contains(.,&apos;Chart&apos;)]&quot;}
  (Session info: chrome=97.0.4692.99)
For documentation on this error, please visit: https://www.seleniumhq.org/exceptions/no_such_element.html
Build info: version: &apos;3.141.59&apos;, revision: &apos;e82be7d358&apos;, time: &apos;2018-11-14T08:17:03&apos;
System info: host: &apos;LAPTOP-O6K3HA2E&apos;, ip: &apos;192.168.253.181&apos;, os.name: &apos;Windows 10&apos;, os.arch: &apos;amd64&apos;, os.version: &apos;10.0&apos;, java.version: &apos;17&apos;
Driver info: org.openqa.selenium.chrome.ChromeDriver
Capabilities {acceptInsecureCerts: false, browserName: chrome, browserVersion: 97.0.4692.99, chrome: {chromedriverVersion: 97.0.4692.71 (adefa7837d02a..., userDataDir: C:\Users\Saran\AppData\Loca...}, goog:chromeOptions: {debuggerAddress: localhost:61581}, javascriptEnabled: true, networkConnectionEnabled: false, pageLoadStrategy: normal, platform: WINDOWS, platformName: WINDOWS, proxy: Proxy(), setWindowRect: true, strictFileInteractability: false, timeouts: {implicit: 0, pageLoad: 300000, script: 30000}, unhandledPromptBehavior: dismiss and notify, webauthn:extension:credBlob: true, webauthn:extension:largeBlob: true, webauthn:virtualAuthenticators: true}
Session ID: 2b779c06edadae5b3ee1b6acc85f5785
*** Element info: {Using=xpath, value=//a[contains(.,&apos;Chart&apos;)]}
	at org.openqa.selenium.remote.http.W3CHttpResponseCodec.createException(W3CHttpResponseCodec.java:187)
	at org.openqa.selenium.remote.http.W3CHttpResponseCodec.decode(W3CHttpResponseCodec.java:122)
	at org.openqa.selenium.remote.http.W3CHttpResponseCodec.decode(W3CHttpResponseCodec.java:49)
	at org.openqa.selenium.remote.HttpCommandExecutor.execute(HttpCommandExecutor.java:158)
	at org.openqa.selenium.remote.service.DriverCommandExecutor.execute(DriverCommandExecutor.java:83)
	at org.openqa.selenium.remote.RemoteWebDriver.execute(RemoteWebDriver.java:552)
	at org.openqa.selenium.remote.RemoteWebDriver.findElement(RemoteWebDriver.java:323)
	at org.openqa.selenium.remote.RemoteWebDriver.findElementByXPath(RemoteWebDriver.java:428)
	at org.openqa.selenium.By$ByXPath.findElement(By.java:353)
	at org.openqa.selenium.remote.RemoteWebDriver.findElement(RemoteWebDriver.java:315)
	at org.openqa.selenium.support.pagefactory.DefaultElementLocator.findElement(DefaultElementLocator.java:69)
	at org.openqa.selenium.support.pagefactory.internal.LocatingElementHandler.invoke(LocatingElementHandler.java:38)
	at jdk.proxy2/jdk.proxy2.$Proxy15.isDisplayed(Unknown Source)
	at BuffalocartCRM.Pages.ExpensesPage.chart(ExpensesPage.java:61)
	at BuffalocartCRM.Project.Scripts.ExpenseTest.verifyChart(ExpenseTest.java:50)
	at java.base/java.util.ArrayList.forEach(ArrayList.java:1511)
... Removed 31 stack frames
</div> <!-- stack-trace -->
                </div> <!-- method-content -->
              </div> <!-- method -->
              <div class="method">
                <div class="method-content">
                  <a name="verifyExpenses">
                  </a> <!-- verifyExpenses -->
                  <span class="method-name">verifyExpenses</span>
                  <div class="stack-trace">org.openqa.selenium.TimeoutException: Expected condition failed: waiting for element to be clickable: Proxy element for: DefaultElementLocator &apos;By.xpath: //a[@href=&apos;http://buffalocart.com/demo/crm/index.php/expenses&apos;]&apos; (tried for 60 second(s) with 500 milliseconds interval)
	at org.openqa.selenium.support.ui.WebDriverWait.timeoutException(WebDriverWait.java:95)
	at org.openqa.selenium.support.ui.FluentWait.until(FluentWait.java:272)
	at BuffalocartCRM.Utilities.PageUtilities.waitForElementTobeClickable(PageUtilities.java:35)
	at BuffalocartCRM.Pages.ExpensesPage.expenses(ExpensesPage.java:36)
	at BuffalocartCRM.Project.Scripts.ExpenseTest.verifyExpenses(ExpenseTest.java:14)
	at java.base/java.util.ArrayList.forEach(ArrayList.java:1511)
Caused by: org.openqa.selenium.NoSuchElementException: no such element: Unable to locate element: {&quot;method&quot;:&quot;xpath&quot;,&quot;selector&quot;:&quot;//a[@href=&apos;http://buffalocart.com/demo/crm/index.php/expenses&apos;]&quot;}
  (Session info: chrome=97.0.4692.99)
For documentation on this error, please visit: https://www.seleniumhq.org/exceptions/no_such_element.html
Build info: version: &apos;3.141.59&apos;, revision: &apos;e82be7d358&apos;, time: &apos;2018-11-14T08:17:03&apos;
System info: host: &apos;LAPTOP-O6K3HA2E&apos;, ip: &apos;192.168.253.181&apos;, os.name: &apos;Windows 10&apos;, os.arch: &apos;amd64&apos;, os.version: &apos;10.0&apos;, java.version: &apos;17&apos;
Driver info: org.openqa.selenium.chrome.ChromeDriver
Capabilities {acceptInsecureCerts: false, browserName: chrome, browserVersion: 97.0.4692.99, chrome: {chromedriverVersion: 97.0.4692.71 (adefa7837d02a..., userDataDir: C:\Users\Saran\AppData\Loca...}, goog:chromeOptions: {debuggerAddress: localhost:61581}, javascriptEnabled: true, networkConnectionEnabled: false, pageLoadStrategy: normal, platform: WINDOWS, platformName: WINDOWS, proxy: Proxy(), setWindowRect: true, strictFileInteractability: false, timeouts: {implicit: 0, pageLoad: 300000, script: 30000}, unhandledPromptBehavior: dismiss and notify, webauthn:extension:credBlob: true, webauthn:extension:largeBlob: true, webauthn:virtualAuthenticators: true}
Session ID: 2b779c06edadae5b3ee1b6acc85f5785
*** Element info: {Using=xpath, value=//a[@href=&apos;http://buffalocart.com/demo/crm/index.php/expenses&apos;]}
	at org.openqa.selenium.remote.http.W3CHttpResponseCodec.createException(W3CHttpResponseCodec.java:187)
	at org.openqa.selenium.remote.http.W3CHttpResponseCodec.decode(W3CHttpResponseCodec.java:122)
	at org.openqa.selenium.remote.http.W3CHttpResponseCodec.decode(W3CHttpResponseCodec.java:49)
	at org.openqa.selenium.remote.HttpCommandExecutor.execute(HttpCommandExecutor.java:158)
	at org.openqa.selenium.remote.service.DriverCommandExecutor.execute(DriverCommandExecutor.java:83)
	at org.openqa.selenium.remote.RemoteWebDriver.execute(RemoteWebDriver.java:552)
	at org.openqa.selenium.remote.RemoteWebDriver.findElement(RemoteWebDriver.java:323)
	at org.openqa.selenium.remote.RemoteWebDriver.findElementByXPath(RemoteWebDriver.java:428)
	at org.openqa.selenium.By$ByXPath.findElement(By.java:353)
	at org.openqa.selenium.remote.RemoteWebDriver.findElement(RemoteWebDriver.java:315)
	at org.openqa.selenium.support.pagefactory.DefaultElementLocator.findElement(DefaultElementLocator.java:69)
	at org.openqa.selenium.support.pagefactory.internal.LocatingElementHandler.invoke(LocatingElementHandler.java:38)
	at jdk.proxy2/jdk.proxy2.$Proxy15.isDisplayed(Unknown Source)
	at org.openqa.selenium.support.ui.ExpectedConditions.elementIfVisible(ExpectedConditions.java:314)
	at org.openqa.selenium.support.ui.ExpectedConditions.access$000(ExpectedConditions.java:43)
	at org.openqa.selenium.support.ui.ExpectedConditions$10.apply(ExpectedConditions.java:300)
	at org.openqa.selenium.support.ui.ExpectedConditions$10.apply(ExpectedConditions.java:297)
	at org.openqa.selenium.support.ui.ExpectedConditions$23.apply(ExpectedConditions.java:670)
	at org.openqa.selenium.support.ui.ExpectedConditions$23.apply(ExpectedConditions.java:666)
	at org.openqa.selenium.support.ui.FluentWait.until(FluentWait.java:249)
	... 31 more
... Removed 31 stack frames
</div> <!-- stack-trace -->
                </div> <!-- method-content -->
              </div> <!-- method -->
              <div class="method">
                <div class="method-content">
                  <a name="verifyMonthly">
                  </a> <!-- verifyMonthly -->
                  <span class="method-name">verifyMonthly</span>
                  <div class="stack-trace">org.openqa.selenium.NoSuchElementException: no such element: Unable to locate element: {&quot;method&quot;:&quot;xpath&quot;,&quot;selector&quot;:&quot;//a[@id=&apos;monthly-expenses-button&apos;]&quot;}
  (Session info: chrome=97.0.4692.99)
For documentation on this error, please visit: https://www.seleniumhq.org/exceptions/no_such_element.html
Build info: version: &apos;3.141.59&apos;, revision: &apos;e82be7d358&apos;, time: &apos;2018-11-14T08:17:03&apos;
System info: host: &apos;LAPTOP-O6K3HA2E&apos;, ip: &apos;192.168.253.181&apos;, os.name: &apos;Windows 10&apos;, os.arch: &apos;amd64&apos;, os.version: &apos;10.0&apos;, java.version: &apos;17&apos;
Driver info: org.openqa.selenium.chrome.ChromeDriver
Capabilities {acceptInsecureCerts: false, browserName: chrome, browserVersion: 97.0.4692.99, chrome: {chromedriverVersion: 97.0.4692.71 (adefa7837d02a..., userDataDir: C:\Users\Saran\AppData\Loca...}, goog:chromeOptions: {debuggerAddress: localhost:61581}, javascriptEnabled: true, networkConnectionEnabled: false, pageLoadStrategy: normal, platform: WINDOWS, platformName: WINDOWS, proxy: Proxy(), setWindowRect: true, strictFileInteractability: false, timeouts: {implicit: 0, pageLoad: 300000, script: 30000}, unhandledPromptBehavior: dismiss and notify, webauthn:extension:credBlob: true, webauthn:extension:largeBlob: true, webauthn:virtualAuthenticators: true}
Session ID: 2b779c06edadae5b3ee1b6acc85f5785
*** Element info: {Using=xpath, value=//a[@id=&apos;monthly-expenses-button&apos;]}
	at org.openqa.selenium.remote.http.W3CHttpResponseCodec.createException(W3CHttpResponseCodec.java:187)
	at org.openqa.selenium.remote.http.W3CHttpResponseCodec.decode(W3CHttpResponseCodec.java:122)
	at org.openqa.selenium.remote.http.W3CHttpResponseCodec.decode(W3CHttpResponseCodec.java:49)
	at org.openqa.selenium.remote.HttpCommandExecutor.execute(HttpCommandExecutor.java:158)
	at org.openqa.selenium.remote.service.DriverCommandExecutor.execute(DriverCommandExecutor.java:83)
	at org.openqa.selenium.remote.RemoteWebDriver.execute(RemoteWebDriver.java:552)
	at org.openqa.selenium.remote.RemoteWebDriver.findElement(RemoteWebDriver.java:323)
	at org.openqa.selenium.remote.RemoteWebDriver.findElementByXPath(RemoteWebDriver.java:428)
	at org.openqa.selenium.By$ByXPath.findElement(By.java:353)
	at org.openqa.selenium.remote.RemoteWebDriver.findElement(RemoteWebDriver.java:315)
	at org.openqa.selenium.support.pagefactory.DefaultElementLocator.findElement(DefaultElementLocator.java:69)
	at org.openqa.selenium.support.pagefactory.internal.LocatingElementHandler.invoke(LocatingElementHandler.java:38)
	at jdk.proxy2/jdk.proxy2.$Proxy15.isDisplayed(Unknown Source)
	at BuffalocartCRM.Pages.ExpensesPage.month(ExpensesPage.java:41)
	at BuffalocartCRM.Project.Scripts.ExpenseTest.verifyMonthly(ExpenseTest.java:20)
	at java.base/java.util.ArrayList.forEach(ArrayList.java:1511)
... Removed 31 stack frames
</div> <!-- stack-trace -->
                </div> <!-- method-content -->
              </div> <!-- method -->
              <div class="method">
                <div class="method-content">
                  <a name="verifyRecurring">
                  </a> <!-- verifyRecurring -->
                  <span class="method-name">verifyRecurring</span>
                  <div class="stack-trace">org.openqa.selenium.NoSuchElementException: no such element: Unable to locate element: {&quot;method&quot;:&quot;xpath&quot;,&quot;selector&quot;:&quot;//a[contains(.,&apos;Recurring&apos;)]&quot;}
  (Session info: chrome=97.0.4692.99)
For documentation on this error, please visit: https://www.seleniumhq.org/exceptions/no_such_element.html
Build info: version: &apos;3.141.59&apos;, revision: &apos;e82be7d358&apos;, time: &apos;2018-11-14T08:17:03&apos;
System info: host: &apos;LAPTOP-O6K3HA2E&apos;, ip: &apos;192.168.253.181&apos;, os.name: &apos;Windows 10&apos;, os.arch: &apos;amd64&apos;, os.version: &apos;10.0&apos;, java.version: &apos;17&apos;
Driver info: org.openqa.selenium.chrome.ChromeDriver
Capabilities {acceptInsecureCerts: false, browserName: chrome, browserVersion: 97.0.4692.99, chrome: {chromedriverVersion: 97.0.4692.71 (adefa7837d02a..., userDataDir: C:\Users\Saran\AppData\Loca...}, goog:chromeOptions: {debuggerAddress: localhost:61581}, javascriptEnabled: true, networkConnectionEnabled: false, pageLoadStrategy: normal, platform: WINDOWS, platformName: WINDOWS, proxy: Proxy(), setWindowRect: true, strictFileInteractability: false, timeouts: {implicit: 0, pageLoad: 300000, script: 30000}, unhandledPromptBehavior: dismiss and notify, webauthn:extension:credBlob: true, webauthn:extension:largeBlob: true, webauthn:virtualAuthenticators: true}
Session ID: 2b779c06edadae5b3ee1b6acc85f5785
*** Element info: {Using=xpath, value=//a[contains(.,&apos;Recurring&apos;)]}
	at org.openqa.selenium.remote.http.W3CHttpResponseCodec.createException(W3CHttpResponseCodec.java:187)
	at org.openqa.selenium.remote.http.W3CHttpResponseCodec.decode(W3CHttpResponseCodec.java:122)
	at org.openqa.selenium.remote.http.W3CHttpResponseCodec.decode(W3CHttpResponseCodec.java:49)
	at org.openqa.selenium.remote.HttpCommandExecutor.execute(HttpCommandExecutor.java:158)
	at org.openqa.selenium.remote.service.DriverCommandExecutor.execute(DriverCommandExecutor.java:83)
	at org.openqa.selenium.remote.RemoteWebDriver.execute(RemoteWebDriver.java:552)
	at org.openqa.selenium.remote.RemoteWebDriver.findElement(RemoteWebDriver.java:323)
	at org.openqa.selenium.remote.RemoteWebDriver.findElementByXPath(RemoteWebDriver.java:428)
	at org.openqa.selenium.By$ByXPath.findElement(By.java:353)
	at org.openqa.selenium.remote.RemoteWebDriver.findElement(RemoteWebDriver.java:315)
	at org.openqa.selenium.support.pagefactory.DefaultElementLocator.findElement(DefaultElementLocator.java:69)
	at org.openqa.selenium.support.pagefactory.internal.LocatingElementHandler.invoke(LocatingElementHandler.java:38)
	at jdk.proxy2/jdk.proxy2.$Proxy15.isDisplayed(Unknown Source)
	at BuffalocartCRM.Pages.ExpensesPage.recurring(ExpensesPage.java:53)
	at BuffalocartCRM.Project.Scripts.ExpenseTest.verifyRecurring(ExpenseTest.java:38)
	at java.base/java.util.ArrayList.forEach(ArrayList.java:1511)
... Removed 31 stack frames
</div> <!-- stack-trace -->
                </div> <!-- method-content -->
              </div> <!-- method -->
              <div class="method">
                <div class="method-content">
                  <a name="verifySummary">
                  </a> <!-- verifySummary -->
                  <span class="method-name">verifySummary</span>
                  <div class="stack-trace">org.openqa.selenium.NoSuchElementException: no such element: Unable to locate element: {&quot;method&quot;:&quot;xpath&quot;,&quot;selector&quot;:&quot;//a[contains(.,&apos;Summary&apos;)]&quot;}
  (Session info: chrome=97.0.4692.99)
For documentation on this error, please visit: https://www.seleniumhq.org/exceptions/no_such_element.html
Build info: version: &apos;3.141.59&apos;, revision: &apos;e82be7d358&apos;, time: &apos;2018-11-14T08:17:03&apos;
System info: host: &apos;LAPTOP-O6K3HA2E&apos;, ip: &apos;192.168.253.181&apos;, os.name: &apos;Windows 10&apos;, os.arch: &apos;amd64&apos;, os.version: &apos;10.0&apos;, java.version: &apos;17&apos;
Driver info: org.openqa.selenium.chrome.ChromeDriver
Capabilities {acceptInsecureCerts: false, browserName: chrome, browserVersion: 97.0.4692.99, chrome: {chromedriverVersion: 97.0.4692.71 (adefa7837d02a..., userDataDir: C:\Users\Saran\AppData\Loca...}, goog:chromeOptions: {debuggerAddress: localhost:61581}, javascriptEnabled: true, networkConnectionEnabled: false, pageLoadStrategy: normal, platform: WINDOWS, platformName: WINDOWS, proxy: Proxy(), setWindowRect: true, strictFileInteractability: false, timeouts: {implicit: 0, pageLoad: 300000, script: 30000}, unhandledPromptBehavior: dismiss and notify, webauthn:extension:credBlob: true, webauthn:extension:largeBlob: true, webauthn:virtualAuthenticators: true}
Session ID: 2b779c06edadae5b3ee1b6acc85f5785
*** Element info: {Using=xpath, value=//a[contains(.,&apos;Summary&apos;)]}
	at org.openqa.selenium.remote.http.W3CHttpResponseCodec.createException(W3CHttpResponseCodec.java:187)
	at org.openqa.selenium.remote.http.W3CHttpResponseCodec.decode(W3CHttpResponseCodec.java:122)
	at org.openqa.selenium.remote.http.W3CHttpResponseCodec.decode(W3CHttpResponseCodec.java:49)
	at org.openqa.selenium.remote.HttpCommandExecutor.execute(HttpCommandExecutor.java:158)
	at org.openqa.selenium.remote.service.DriverCommandExecutor.execute(DriverCommandExecutor.java:83)
	at org.openqa.selenium.remote.RemoteWebDriver.execute(RemoteWebDriver.java:552)
	at org.openqa.selenium.remote.RemoteWebDriver.findElement(RemoteWebDriver.java:323)
	at org.openqa.selenium.remote.RemoteWebDriver.findElementByXPath(RemoteWebDriver.java:428)
	at org.openqa.selenium.By$ByXPath.findElement(By.java:353)
	at org.openqa.selenium.remote.RemoteWebDriver.findElement(RemoteWebDriver.java:315)
	at org.openqa.selenium.support.pagefactory.DefaultElementLocator.findElement(DefaultElementLocator.java:69)
	at org.openqa.selenium.support.pagefactory.internal.LocatingElementHandler.invoke(LocatingElementHandler.java:38)
	at jdk.proxy2/jdk.proxy2.$Proxy15.isDisplayed(Unknown Source)
	at BuffalocartCRM.Pages.ExpensesPage.summary(ExpensesPage.java:57)
	at BuffalocartCRM.Project.Scripts.ExpenseTest.verifySummary(ExpenseTest.java:44)
	at java.base/java.util.ArrayList.forEach(ArrayList.java:1511)
... Removed 31 stack frames
</div> <!-- stack-trace -->
                </div> <!-- method-content -->
              </div> <!-- method -->
              <div class="method">
                <div class="method-content">
                  <a name="verifyYearly">
                  </a> <!-- verifyYearly -->
                  <span class="method-name">verifyYearly</span>
                  <div class="stack-trace">org.openqa.selenium.NoSuchElementException: no such element: Unable to locate element: {&quot;method&quot;:&quot;xpath&quot;,&quot;selector&quot;:&quot;//a[@data-bs-target=&apos;#yearly-expenses&apos;]&quot;}
  (Session info: chrome=97.0.4692.99)
For documentation on this error, please visit: https://www.seleniumhq.org/exceptions/no_such_element.html
Build info: version: &apos;3.141.59&apos;, revision: &apos;e82be7d358&apos;, time: &apos;2018-11-14T08:17:03&apos;
System info: host: &apos;LAPTOP-O6K3HA2E&apos;, ip: &apos;192.168.253.181&apos;, os.name: &apos;Windows 10&apos;, os.arch: &apos;amd64&apos;, os.version: &apos;10.0&apos;, java.version: &apos;17&apos;
Driver info: org.openqa.selenium.chrome.ChromeDriver
Capabilities {acceptInsecureCerts: false, browserName: chrome, browserVersion: 97.0.4692.99, chrome: {chromedriverVersion: 97.0.4692.71 (adefa7837d02a..., userDataDir: C:\Users\Saran\AppData\Loca...}, goog:chromeOptions: {debuggerAddress: localhost:61581}, javascriptEnabled: true, networkConnectionEnabled: false, pageLoadStrategy: normal, platform: WINDOWS, platformName: WINDOWS, proxy: Proxy(), setWindowRect: true, strictFileInteractability: false, timeouts: {implicit: 0, pageLoad: 300000, script: 30000}, unhandledPromptBehavior: dismiss and notify, webauthn:extension:credBlob: true, webauthn:extension:largeBlob: true, webauthn:virtualAuthenticators: true}
Session ID: 2b779c06edadae5b3ee1b6acc85f5785
*** Element info: {Using=xpath, value=//a[@data-bs-target=&apos;#yearly-expenses&apos;]}
	at org.openqa.selenium.remote.http.W3CHttpResponseCodec.createException(W3CHttpResponseCodec.java:187)
	at org.openqa.selenium.remote.http.W3CHttpResponseCodec.decode(W3CHttpResponseCodec.java:122)
	at org.openqa.selenium.remote.http.W3CHttpResponseCodec.decode(W3CHttpResponseCodec.java:49)
	at org.openqa.selenium.remote.HttpCommandExecutor.execute(HttpCommandExecutor.java:158)
	at org.openqa.selenium.remote.service.DriverCommandExecutor.execute(DriverCommandExecutor.java:83)
	at org.openqa.selenium.remote.RemoteWebDriver.execute(RemoteWebDriver.java:552)
	at org.openqa.selenium.remote.RemoteWebDriver.findElement(RemoteWebDriver.java:323)
	at org.openqa.selenium.remote.RemoteWebDriver.findElementByXPath(RemoteWebDriver.java:428)
	at org.openqa.selenium.By$ByXPath.findElement(By.java:353)
	at org.openqa.selenium.remote.RemoteWebDriver.findElement(RemoteWebDriver.java:315)
	at org.openqa.selenium.support.pagefactory.DefaultElementLocator.findElement(DefaultElementLocator.java:69)
	at org.openqa.selenium.support.pagefactory.internal.LocatingElementHandler.invoke(LocatingElementHandler.java:38)
	at jdk.proxy2/jdk.proxy2.$Proxy15.isDisplayed(Unknown Source)
	at BuffalocartCRM.Pages.ExpensesPage.year(ExpensesPage.java:45)
	at BuffalocartCRM.Project.Scripts.ExpenseTest.verifyYearly(ExpenseTest.java:26)
	at java.base/java.util.ArrayList.forEach(ArrayList.java:1511)
... Removed 31 stack frames
</div> <!-- stack-trace -->
                </div> <!-- method-content -->
              </div> <!-- method -->
              <div class="method">
                <div class="method-content">
                  <a name="verifycustom">
                  </a> <!-- verifycustom -->
                  <span class="method-name">verifycustom</span>
                  <div class="stack-trace">org.openqa.selenium.NoSuchElementException: no such element: Unable to locate element: {&quot;method&quot;:&quot;xpath&quot;,&quot;selector&quot;:&quot;//a[contains(.,&apos;Custom&apos;)]&quot;}
  (Session info: chrome=97.0.4692.99)
For documentation on this error, please visit: https://www.seleniumhq.org/exceptions/no_such_element.html
Build info: version: &apos;3.141.59&apos;, revision: &apos;e82be7d358&apos;, time: &apos;2018-11-14T08:17:03&apos;
System info: host: &apos;LAPTOP-O6K3HA2E&apos;, ip: &apos;192.168.253.181&apos;, os.name: &apos;Windows 10&apos;, os.arch: &apos;amd64&apos;, os.version: &apos;10.0&apos;, java.version: &apos;17&apos;
Driver info: org.openqa.selenium.chrome.ChromeDriver
Capabilities {acceptInsecureCerts: false, browserName: chrome, browserVersion: 97.0.4692.99, chrome: {chromedriverVersion: 97.0.4692.71 (adefa7837d02a..., userDataDir: C:\Users\Saran\AppData\Loca...}, goog:chromeOptions: {debuggerAddress: localhost:61581}, javascriptEnabled: true, networkConnectionEnabled: false, pageLoadStrategy: normal, platform: WINDOWS, platformName: WINDOWS, proxy: Proxy(), setWindowRect: true, strictFileInteractability: false, timeouts: {implicit: 0, pageLoad: 300000, script: 30000}, unhandledPromptBehavior: dismiss and notify, webauthn:extension:credBlob: true, webauthn:extension:largeBlob: true, webauthn:virtualAuthenticators: true}
Session ID: 2b779c06edadae5b3ee1b6acc85f5785
*** Element info: {Using=xpath, value=//a[contains(.,&apos;Custom&apos;)]}
	at org.openqa.selenium.remote.http.W3CHttpResponseCodec.createException(W3CHttpResponseCodec.java:187)
	at org.openqa.selenium.remote.http.W3CHttpResponseCodec.decode(W3CHttpResponseCodec.java:122)
	at org.openqa.selenium.remote.http.W3CHttpResponseCodec.decode(W3CHttpResponseCodec.java:49)
	at org.openqa.selenium.remote.HttpCommandExecutor.execute(HttpCommandExecutor.java:158)
	at org.openqa.selenium.remote.service.DriverCommandExecutor.execute(DriverCommandExecutor.java:83)
	at org.openqa.selenium.remote.RemoteWebDriver.execute(RemoteWebDriver.java:552)
	at org.openqa.selenium.remote.RemoteWebDriver.findElement(RemoteWebDriver.java:323)
	at org.openqa.selenium.remote.RemoteWebDriver.findElementByXPath(RemoteWebDriver.java:428)
	at org.openqa.selenium.By$ByXPath.findElement(By.java:353)
	at org.openqa.selenium.remote.RemoteWebDriver.findElement(RemoteWebDriver.java:315)
	at org.openqa.selenium.support.pagefactory.DefaultElementLocator.findElement(DefaultElementLocator.java:69)
	at org.openqa.selenium.support.pagefactory.internal.LocatingElementHandler.invoke(LocatingElementHandler.java:38)
	at jdk.proxy2/jdk.proxy2.$Proxy15.isDisplayed(Unknown Source)
	at BuffalocartCRM.Pages.ExpensesPage.custom(ExpensesPage.java:49)
	at BuffalocartCRM.Project.Scripts.ExpenseTest.verifycustom(ExpenseTest.java:32)
	at java.base/java.util.ArrayList.forEach(ArrayList.java:1511)
... Removed 31 stack frames
</div> <!-- stack-trace -->
                </div> <!-- method-content -->
              </div> <!-- method -->
            </div> <!-- main-panel-content rounded-window-bottom -->
          </div> <!-- suite-Suite-class-failed -->
          <div class="suite-Suite-class-passed">
            <div class="main-panel-header rounded-window-top">
              <img src="passed.png"/>
              <span class="class-name">BuffalocartCRM.Project.Scripts.NotesTest</span>
            </div> <!-- main-panel-header rounded-window-top -->
            <div class="main-panel-content rounded-window-bottom">
              <div class="method">
                <div class="method-content">
                  <a name="testBase">
                  </a> <!-- testBase -->
                  <span class="method-name">testBase</span>
                </div> <!-- method-content -->
              </div> <!-- method -->
              <div class="method">
                <div class="method-content">
                  <a name="verifyManage">
                  </a> <!-- verifyManage -->
                  <span class="method-name">verifyManage</span>
                </div> <!-- method-content -->
              </div> <!-- method -->
            </div> <!-- main-panel-content rounded-window-bottom -->
          </div> <!-- suite-Suite-class-passed -->
          <div class="suite-Suite-class-passed">
            <div class="main-panel-header rounded-window-top">
              <img src="passed.png"/>
              <span class="class-name">BuffalocartCRM.Project.Scripts.ExpenseTest</span>
            </div> <!-- main-panel-header rounded-window-top -->
            <div class="main-panel-content rounded-window-bottom">
              <div class="method">
                <div class="method-content">
                  <a name="testBase">
                  </a> <!-- testBase -->
                  <span class="method-name">testBase</span>
                </div> <!-- method-content -->
              </div> <!-- method -->
            </div> <!-- main-panel-content rounded-window-bottom -->
          </div> <!-- suite-Suite-class-passed -->
          <div class="suite-Suite-class-passed">
            <div class="main-panel-header rounded-window-top">
              <img src="passed.png"/>
              <span class="class-name">BuffalocartCRM.Project.Scripts.DashboardTest</span>
            </div> <!-- main-panel-header rounded-window-top -->
            <div class="main-panel-content rounded-window-bottom">
              <div class="method">
                <div class="method-content">
                  <a name="testBase">
                  </a> <!-- testBase -->
                  <span class="method-name">testBase</span>
                </div> <!-- method-content -->
              </div> <!-- method -->
              <div class="method">
                <div class="method-content">
                  <a name="verifyEvents">
                  </a> <!-- verifyEvents -->
                  <span class="method-name">verifyEvents</span>
                </div> <!-- method-content -->
              </div> <!-- method -->
              <div class="method">
                <div class="method-content">
                  <a name="verifyNewPosts">
                  </a> <!-- verifyNewPosts -->
                  <span class="method-name">verifyNewPosts</span>
                </div> <!-- method-content -->
              </div> <!-- method -->
              <div class="method">
                <div class="method-content">
                  <a name="verifydashboardPage">
                  </a> <!-- verifydashboardPage -->
                  <span class="method-name">verifydashboardPage</span>
                </div> <!-- method-content -->
              </div> <!-- method -->
              <div class="method">
                <div class="method-content">
                  <a name="verifytest">
                  </a> <!-- verifytest -->
                  <span class="method-name">verifytest</span>
                </div> <!-- method-content -->
              </div> <!-- method -->
            </div> <!-- main-panel-content rounded-window-bottom -->
          </div> <!-- suite-Suite-class-passed -->
          <div class="suite-Suite-class-passed">
            <div class="main-panel-header rounded-window-top">
              <img src="passed.png"/>
              <span class="class-name">BuffalocartCRM.Project.Scripts.LoginTest</span>
            </div> <!-- main-panel-header rounded-window-top -->
            <div class="main-panel-content rounded-window-bottom">
              <div class="method">
                <div class="method-content">
                  <a name="testBase">
                  </a> <!-- testBase -->
                  <span class="method-name">testBase</span>
                </div> <!-- method-content -->
              </div> <!-- method -->
              <div class="method">
                <div class="method-content">
                  <a name="verifyLoginWithInvalidusernameInvalidpassword(admin, 1234)">
                  </a> <!-- verifyLoginWithInvalidusernameInvalidpassword(admin, 1234) -->
                  <span class="method-name">verifyLoginWithInvalidusernameInvalidpassword</span>
                  <span class="parameters">(admin, 1234)</span>
                </div> <!-- method-content -->
              </div> <!-- method -->
              <div class="method">
                <div class="method-content">
                  <a name="verifyLoginWithInvalidusernameValidpassword(admin, 123456)">
                  </a> <!-- verifyLoginWithInvalidusernameValidpassword(admin, 123456) -->
                  <span class="method-name">verifyLoginWithInvalidusernameValidpassword</span>
                  <span class="parameters">(admin, 123456)</span>
                </div> <!-- method-content -->
              </div> <!-- method -->
              <div class="method">
                <div class="method-content">
                  <a name="verifyLoginWithValidusernameInvalidpassword(admin@admin.com, 12346)">
                  </a> <!-- verifyLoginWithValidusernameInvalidpassword(admin@admin.com, 12346) -->
                  <span class="method-name">verifyLoginWithValidusernameInvalidpassword</span>
                  <span class="parameters">(admin@admin.com, 12346)</span>
                </div> <!-- method-content -->
              </div> <!-- method -->
              <div class="method">
                <div class="method-content">
                  <a name="verifyLoginWithValidusernameValidpassword(admin@admin.com, 123456)">
                  </a> <!-- verifyLoginWithValidusernameValidpassword(admin@admin.com, 123456) -->
                  <span class="method-name">verifyLoginWithValidusernameValidpassword</span>
                  <span class="parameters">(admin@admin.com, 123456)</span>
                </div> <!-- method-content -->
              </div> <!-- method -->
            </div> <!-- main-panel-content rounded-window-bottom -->
          </div> <!-- suite-Suite-class-passed -->
          <div class="suite-Suite-class-passed">
            <div class="main-panel-header rounded-window-top">
              <img src="passed.png"/>
              <span class="class-name">BuffalocartCRM.Project.Scripts.EventTest</span>
            </div> <!-- main-panel-header rounded-window-top -->
            <div class="main-panel-content rounded-window-bottom">
              <div class="method">
                <div class="method-content">
                  <a name="testBase">
                  </a> <!-- testBase -->
                  <span class="method-name">testBase</span>
                </div> <!-- method-content -->
              </div> <!-- method -->
              <div class="method">
                <div class="method-content">
                  <a name="verifyAddEvent">
                  </a> <!-- verifyAddEvent -->
                  <span class="method-name">verifyAddEvent</span>
                </div> <!-- method-content -->
              </div> <!-- method -->
              <div class="method">
                <div class="method-content">
                  <a name="verifyEvents">
                  </a> <!-- verifyEvents -->
                  <span class="method-name">verifyEvents</span>
                </div> <!-- method-content -->
              </div> <!-- method -->
              <div class="method">
                <div class="method-content">
                  <a name="verifyManage">
                  </a> <!-- verifyManage -->
                  <span class="method-name">verifyManage</span>
                </div> <!-- method-content -->
              </div> <!-- method -->
            </div> <!-- main-panel-content rounded-window-bottom -->
          </div> <!-- suite-Suite-class-passed -->
          <div class="suite-Suite-class-passed">
            <div class="main-panel-header rounded-window-top">
              <img src="passed.png"/>
              <span class="class-name">BuffalocartCRM.Project.Scripts.TaskTest</span>
            </div> <!-- main-panel-header rounded-window-top -->
            <div class="main-panel-content rounded-window-bottom">
              <div class="method">
                <div class="method-content">
                  <a name="testBase">
                  </a> <!-- testBase -->
                  <span class="method-name">testBase</span>
                </div> <!-- method-content -->
              </div> <!-- method -->
              <div class="method">
                <div class="method-content">
                  <a name="verifyAddMultipleTask">
                  </a> <!-- verifyAddMultipleTask -->
                  <span class="method-name">verifyAddMultipleTask</span>
                </div> <!-- method-content -->
              </div> <!-- method -->
              <div class="method">
                <div class="method-content">
                  <a name="verifyGantt">
                  </a> <!-- verifyGantt -->
                  <span class="method-name">verifyGantt</span>
                </div> <!-- method-content -->
              </div> <!-- method -->
              <div class="method">
                <div class="method-content">
                  <a name="verifyKanban">
                  </a> <!-- verifyKanban -->
                  <span class="method-name">verifyKanban</span>
                </div> <!-- method-content -->
              </div> <!-- method -->
              <div class="method">
                <div class="method-content">
                  <a name="verifyTask">
                  </a> <!-- verifyTask -->
                  <span class="method-name">verifyTask</span>
                </div> <!-- method-content -->
              </div> <!-- method -->
            </div> <!-- main-panel-content rounded-window-bottom -->
          </div> <!-- suite-Suite-class-passed -->
        </div> <!-- panel Suite -->
        <div panel-name="test-xml-Suite" class="panel">
          <div class="main-panel-header rounded-window-top">
            <span class="header-content">D:\git-handson\BuffalocartCRM.Project\extentreports.xml</span>
          </div> <!-- main-panel-header rounded-window-top -->
          <div class="main-panel-content rounded-window-bottom">
            <pre>
&lt;?xml version=&quot;1.0&quot; encoding=&quot;UTF-8&quot;?&gt;
&lt;!DOCTYPE suite SYSTEM &quot;https://testng.org/testng-1.0.dtd&quot;&gt;
&lt;suite name=&quot;Suite&quot; guice-stage=&quot;DEVELOPMENT&quot;&gt;
  &lt;listeners&gt;
    &lt;listener class-name=&quot;Extentreportlistner.ExtentReporterNG&quot;/&gt;
  &lt;/listeners&gt;
  &lt;test thread-count=&quot;5&quot; name=&quot;Test&quot;&gt;
    &lt;parameter name=&quot;browser&quot; value=&quot;chrome&quot;/&gt;
    &lt;classes&gt;
      &lt;class name=&quot;BuffalocartCRM.Project.Scripts.LoginTest&quot;/&gt;
      &lt;class name=&quot;BuffalocartCRM.Project.Scripts.DashboardTest&quot;/&gt;
      &lt;class name=&quot;BuffalocartCRM.Project.Scripts.ExpenseTest&quot;/&gt;
      &lt;class name=&quot;BuffalocartCRM.Project.Scripts.EventTest&quot;/&gt;
      &lt;class name=&quot;BuffalocartCRM.Project.Scripts.NotesTest&quot;/&gt;
      &lt;class name=&quot;BuffalocartCRM.Project.Scripts.TaskTest&quot;/&gt;
    &lt;/classes&gt;
  &lt;/test&gt; &lt;!-- Test --&gt;
&lt;/suite&gt; &lt;!-- Suite --&gt;
            </pre>
          </div> <!-- main-panel-content rounded-window-bottom -->
        </div> <!-- panel -->
        <div panel-name="testlist-Suite" class="panel">
          <div class="main-panel-header rounded-window-top">
            <span class="header-content">Tests for Suite</span>
          </div> <!-- main-panel-header rounded-window-top -->
          <div class="main-panel-content rounded-window-bottom">
            <ul>
              <li>
                <span class="test-name">Test (6 classes)</span>
              </li>
            </ul>
          </div> <!-- main-panel-content rounded-window-bottom -->
        </div> <!-- panel -->
        <div panel-name="group-Suite" class="panel">
          <div class="main-panel-header rounded-window-top">
            <span class="header-content">Groups for Suite</span>
          </div> <!-- main-panel-header rounded-window-top -->
          <div class="main-panel-content rounded-window-bottom">
            <div class="test-group">
              <span class="test-group-name">sanity</span>
              <br/>
              <div class="method-in-group">
                <span class="method-in-group-name">verifyLoginWithInvalidusernameInvalidpassword</span>
                <br/>
              </div> <!-- method-in-group -->
              <div class="method-in-group">
                <span class="method-in-group-name">verifyLoginWithValidusernameValidpassword</span>
                <br/>
              </div> <!-- method-in-group -->
            </div> <!-- test-group -->
          </div> <!-- main-panel-content rounded-window-bottom -->
        </div> <!-- panel -->
        <div panel-name="times-Suite" class="panel">
          <div class="main-panel-header rounded-window-top">
            <span class="header-content">Times for Suite</span>
          </div> <!-- main-panel-header rounded-window-top -->
          <div class="main-panel-content rounded-window-bottom">
            <div class="times-div">
              <script type="text/javascript">
suiteTableInitFunctions.push('tableData_Suite');
function tableData_Suite() {
var data = new google.visualization.DataTable();
data.addColumn('number', 'Number');
data.addColumn('string', 'Method');
data.addColumn('string', 'Class');
data.addColumn('number', 'Time (ms)');
data.addRows(31);
data.setCell(0, 0, 0)
data.setCell(0, 1, 'verifyExpenses')
data.setCell(0, 2, 'BuffalocartCRM.Project.Scripts.ExpenseTest')
data.setCell(0, 3, 60306);
data.setCell(1, 0, 1)
data.setCell(1, 1, 'verifyAdd')
data.setCell(1, 2, 'BuffalocartCRM.Project.Scripts.NotesTest')
data.setCell(1, 3, 50284);
data.setCell(2, 0, 2)
data.setCell(2, 1, 'verifyNewPosts')
data.setCell(2, 2, 'BuffalocartCRM.Project.Scripts.DashboardTest')
data.setCell(2, 3, 12505);
data.setCell(3, 0, 3)
data.setCell(3, 1, 'verifytest')
data.setCell(3, 2, 'BuffalocartCRM.Project.Scripts.DashboardTest')
data.setCell(3, 3, 11277);
data.setCell(4, 0, 4)
data.setCell(4, 1, 'verifyLoginWithValidusernameValidpassword')
data.setCell(4, 2, 'BuffalocartCRM.Project.Scripts.LoginTest')
data.setCell(4, 3, 10642);
data.setCell(5, 0, 5)
data.setCell(5, 1, 'verifyEvents')
data.setCell(5, 2, 'BuffalocartCRM.Project.Scripts.DashboardTest')
data.setCell(5, 3, 6749);
data.setCell(6, 0, 6)
data.setCell(6, 1, 'verifydashboardPage')
data.setCell(6, 2, 'BuffalocartCRM.Project.Scripts.DashboardTest')
data.setCell(6, 3, 6497);
data.setCell(7, 0, 7)
data.setCell(7, 1, 'verifyTask')
data.setCell(7, 2, 'BuffalocartCRM.Project.Scripts.TaskTest')
data.setCell(7, 3, 4680);
data.setCell(8, 0, 8)
data.setCell(8, 1, 'verifyKanban')
data.setCell(8, 2, 'BuffalocartCRM.Project.Scripts.TaskTest')
data.setCell(8, 3, 4083);
data.setCell(9, 0, 9)
data.setCell(9, 1, 'verifyGantt')
data.setCell(9, 2, 'BuffalocartCRM.Project.Scripts.TaskTest')
data.setCell(9, 3, 4050);
data.setCell(10, 0, 10)
data.setCell(10, 1, 'verifyLoginWithValidusernameInvalidpassword')
data.setCell(10, 2, 'BuffalocartCRM.Project.Scripts.LoginTest')
data.setCell(10, 3, 2954);
data.setCell(11, 0, 11)
data.setCell(11, 1, 'verifyLoginWithInvalidusernameInvalidpassword')
data.setCell(11, 2, 'BuffalocartCRM.Project.Scripts.LoginTest')
data.setCell(11, 3, 715);
data.setCell(12, 0, 12)
data.setCell(12, 1, 'verifyLoginWithInvalidusernameValidpassword')
data.setCell(12, 2, 'BuffalocartCRM.Project.Scripts.LoginTest')
data.setCell(12, 3, 518);
data.setCell(13, 0, 13)
data.setCell(13, 1, 'verifyAddMultipleTask')
data.setCell(13, 2, 'BuffalocartCRM.Project.Scripts.TaskTest')
data.setCell(13, 3, 76);
data.setCell(14, 0, 14)
data.setCell(14, 1, 'verifyManage')
data.setCell(14, 2, 'BuffalocartCRM.Project.Scripts.NotesTest')
data.setCell(14, 3, 68);
data.setCell(15, 0, 15)
data.setCell(15, 1, 'verifyEvents')
data.setCell(15, 2, 'BuffalocartCRM.Project.Scripts.EventTest')
data.setCell(15, 3, 60);
data.setCell(16, 0, 16)
data.setCell(16, 1, 'verifyNotes')
data.setCell(16, 2, 'BuffalocartCRM.Project.Scripts.NotesTest')
data.setCell(16, 3, 40);
data.setCell(17, 0, 17)
data.setCell(17, 1, 'verifyAddEvent')
data.setCell(17, 2, 'BuffalocartCRM.Project.Scripts.EventTest')
data.setCell(17, 3, 39);
data.setCell(18, 0, 18)
data.setCell(18, 1, 'verifyManage')
data.setCell(18, 2, 'BuffalocartCRM.Project.Scripts.EventTest')
data.setCell(18, 3, 38);
data.setCell(19, 0, 19)
data.setCell(19, 1, 'verifyMonthly')
data.setCell(19, 2, 'BuffalocartCRM.Project.Scripts.ExpenseTest')
data.setCell(19, 3, 27);
data.setCell(20, 0, 20)
data.setCell(20, 1, 'verifyRecurring')
data.setCell(20, 2, 'BuffalocartCRM.Project.Scripts.ExpenseTest')
data.setCell(20, 3, 19);
data.setCell(21, 0, 21)
data.setCell(21, 1, 'verifycustom')
data.setCell(21, 2, 'BuffalocartCRM.Project.Scripts.ExpenseTest')
data.setCell(21, 3, 19);
data.setCell(22, 0, 22)
data.setCell(22, 1, 'verifyChart')
data.setCell(22, 2, 'BuffalocartCRM.Project.Scripts.ExpenseTest')
data.setCell(22, 3, 18);
data.setCell(23, 0, 23)
data.setCell(23, 1, 'verifyYearly')
data.setCell(23, 2, 'BuffalocartCRM.Project.Scripts.ExpenseTest')
data.setCell(23, 3, 16);
data.setCell(24, 0, 24)
data.setCell(24, 1, 'verifySummary')
data.setCell(24, 2, 'BuffalocartCRM.Project.Scripts.ExpenseTest')
data.setCell(24, 3, 16);
data.setCell(25, 0, 25)
data.setCell(25, 1, 'testBase')
data.setCell(25, 2, 'BuffalocartCRM.Project.Scripts.LoginTest')
data.setCell(25, 3, 15);
data.setCell(26, 0, 26)
data.setCell(26, 1, 'testBase')
data.setCell(26, 2, 'BuffalocartCRM.Project.Scripts.DashboardTest')
data.setCell(26, 3, 2);
data.setCell(27, 0, 27)
data.setCell(27, 1, 'testBase')
data.setCell(27, 2, 'BuffalocartCRM.Project.Scripts.ExpenseTest')
data.setCell(27, 3, 2);
data.setCell(28, 0, 28)
data.setCell(28, 1, 'testBase')
data.setCell(28, 2, 'BuffalocartCRM.Project.Scripts.EventTest')
data.setCell(28, 3, 1);
data.setCell(29, 0, 29)
data.setCell(29, 1, 'testBase')
data.setCell(29, 2, 'BuffalocartCRM.Project.Scripts.NotesTest')
data.setCell(29, 3, 1);
data.setCell(30, 0, 30)
data.setCell(30, 1, 'testBase')
data.setCell(30, 2, 'BuffalocartCRM.Project.Scripts.TaskTest')
data.setCell(30, 3, 1);
window.suiteTableData['Suite']= { tableData: data, tableDiv: 'times-div-Suite'}
return data;
}
              </script>
              <span class="suite-total-time">Total running time: 2 minutes</span>
              <div id="times-div-Suite">
              </div> <!-- times-div-Suite -->
            </div> <!-- times-div -->
          </div> <!-- main-panel-content rounded-window-bottom -->
        </div> <!-- panel -->
        <div panel-name="reporter-Suite" class="panel">
          <div class="main-panel-header rounded-window-top">
            <span class="header-content">Reporter output for Suite</span>
          </div> <!-- main-panel-header rounded-window-top -->
          <div class="main-panel-content rounded-window-bottom">
          </div> <!-- main-panel-content rounded-window-bottom -->
        </div> <!-- panel -->
        <div panel-name="ignored-methods-Suite" class="panel">
          <div class="main-panel-header rounded-window-top">
            <span class="header-content">10 ignored methods</span>
          </div> <!-- main-panel-header rounded-window-top -->
          <div class="main-panel-content rounded-window-bottom">
            <div class="ignored-class-div">
              <span class="ignored-class-name">BuffalocartCRM.Project.Scripts.NotesTest</span>
              <div class="ignored-methods-div">
                <span class="ignored-method-name">afterTest</span>
                <br/>
                <span class="ignored-method-name">beforeTest</span>
                <br/>
              </div> <!-- ignored-methods-div -->
            </div> <!-- ignored-class-div -->
            <div class="ignored-class-div">
              <span class="ignored-class-name">BuffalocartCRM.Project.Scripts.ExpenseTest</span>
              <div class="ignored-methods-div">
                <span class="ignored-method-name">afterTest</span>
                <br/>
                <span class="ignored-method-name">beforeTest</span>
                <br/>
              </div> <!-- ignored-methods-div -->
            </div> <!-- ignored-class-div -->
            <div class="ignored-class-div">
              <span class="ignored-class-name">BuffalocartCRM.Project.Scripts.DashboardTest</span>
              <div class="ignored-methods-div">
                <span class="ignored-method-name">afterTest</span>
                <br/>
                <span class="ignored-method-name">beforeTest</span>
                <br/>
              </div> <!-- ignored-methods-div -->
            </div> <!-- ignored-class-div -->
            <div class="ignored-class-div">
              <span class="ignored-class-name">BuffalocartCRM.Project.Scripts.EventTest</span>
              <div class="ignored-methods-div">
                <span class="ignored-method-name">afterTest</span>
                <br/>
                <span class="ignored-method-name">beforeTest</span>
                <br/>
              </div> <!-- ignored-methods-div -->
            </div> <!-- ignored-class-div -->
            <div class="ignored-class-div">
              <span class="ignored-class-name">BuffalocartCRM.Project.Scripts.TaskTest</span>
              <div class="ignored-methods-div">
                <span class="ignored-method-name">afterTest</span>
                <br/>
                <span class="ignored-method-name">beforeTest</span>
                <br/>
              </div> <!-- ignored-methods-div -->
            </div> <!-- ignored-class-div -->
          </div> <!-- main-panel-content rounded-window-bottom -->
        </div> <!-- panel -->
        <div panel-name="chronological-Suite" class="panel">
          <div class="main-panel-header rounded-window-top">
            <span class="header-content">Methods in chronological order</span>
          </div> <!-- main-panel-header rounded-window-top -->
          <div class="main-panel-content rounded-window-bottom">
            <div class="chronological-class">
              <div class="chronological-class-name">BuffalocartCRM.Project.Scripts.LoginTest</div> <!-- chronological-class-name -->
              <div class="configuration-test before">
                <span class="method-name">beforeTest(chrome)</span>
                <span class="method-start">0 ms</span>
              </div> <!-- configuration-test before -->
              <div class="test-method">
                <span class="method-name">testBase</span>
                <span class="method-start">13719 ms</span>
              </div> <!-- test-method -->
              <div class="configuration-method after">
                <span class="method-name">takesScreenShotOnFailure([TestResult name=testBase status=SUCCESS method=TestBase.testBase()[pri:0, instance:BuffalocartCRM.P...)</span>
                <span class="method-start">13742 ms</span>
              </div> <!-- configuration-method after -->
              <div class="test-method">
                <span class="method-name">verifyLoginWithInvalidusernameInvalidpassword(admin, 1234)</span>
                <span class="method-start">14647 ms</span>
              </div> <!-- test-method -->
              <div class="configuration-method after">
                <span class="method-name">takesScreenShotOnFailure([TestResult name=verifyLoginWithInvalidusernameInvalidpassword status=SUCCESS method=LoginTest.verif...)</span>
                <span class="method-start">15365 ms</span>
              </div> <!-- configuration-method after -->
              <div class="test-method">
                <span class="method-name">verifyLoginWithValidusernameInvalidpassword(admin@admin.com, 12346)</span>
                <span class="method-start">15424 ms</span>
              </div> <!-- test-method -->
              <div class="configuration-method after">
                <span class="method-name">takesScreenShotOnFailure([TestResult name=verifyLoginWithValidusernameInvalidpassword status=SUCCESS method=LoginTest.verifyL...)</span>
                <span class="method-start">18380 ms</span>
              </div> <!-- configuration-method after -->
              <div class="test-method">
                <span class="method-name">verifyLoginWithInvalidusernameValidpassword(admin, 123456)</span>
                <span class="method-start">18432 ms</span>
              </div> <!-- test-method -->
              <div class="configuration-method after">
                <span class="method-name">takesScreenShotOnFailure([TestResult name=verifyLoginWithInvalidusernameValidpassword status=SUCCESS method=LoginTest.verifyL...)</span>
                <span class="method-start">18951 ms</span>
              </div> <!-- configuration-method after -->
              <div class="test-method">
                <span class="method-name">verifyLoginWithValidusernameValidpassword(admin@admin.com, 123456)</span>
                <span class="method-start">19003 ms</span>
              </div> <!-- test-method -->
              <div class="configuration-method after">
                <span class="method-name">takesScreenShotOnFailure([TestResult name=verifyLoginWithValidusernameValidpassword status=SUCCESS method=LoginTest.verifyLog...)</span>
                <span class="method-start">29650 ms</span>
              </div> <!-- configuration-method after -->
            </div> <!-- chronological-class -->
            <div class="chronological-class">
              <div class="chronological-class-name">BuffalocartCRM.Project.Scripts.DashboardTest</div> <!-- chronological-class-name -->
              <div class="test-method">
                <span class="method-name">testBase</span>
                <span class="method-start">29654 ms</span>
              </div> <!-- test-method -->
              <div class="configuration-method after">
                <span class="method-name">takesScreenShotOnFailure([TestResult name=testBase status=SUCCESS method=TestBase.testBase()[pri:0, instance:BuffalocartCRM.P...)</span>
                <span class="method-start">29658 ms</span>
              </div> <!-- configuration-method after -->
              <div class="test-method">
                <span class="method-name">verifydashboardPage</span>
                <span class="method-start">29660 ms</span>
              </div> <!-- test-method -->
              <div class="configuration-method after">
                <span class="method-name">takesScreenShotOnFailure([TestResult name=verifydashboardPage status=SUCCESS method=DashboardTest.verifydashboardPage()[pri:5...)</span>
                <span class="method-start">36162 ms</span>
              </div> <!-- configuration-method after -->
              <div class="test-method">
                <span class="method-name">verifytest</span>
                <span class="method-start">36163 ms</span>
              </div> <!-- test-method -->
              <div class="configuration-method after">
                <span class="method-name">takesScreenShotOnFailure([TestResult name=verifytest status=SUCCESS method=DashboardTest.verifytest()[pri:6, instance:Buffalo...)</span>
                <span class="method-start">47442 ms</span>
              </div> <!-- configuration-method after -->
              <div class="test-method">
                <span class="method-name">verifyNewPosts</span>
                <span class="method-start">47443 ms</span>
              </div> <!-- test-method -->
              <div class="configuration-method after">
                <span class="method-name">takesScreenShotOnFailure([TestResult name=verifyNewPosts status=SUCCESS method=DashboardTest.verifyNewPosts()[pri:7, instance...)</span>
                <span class="method-start">59950 ms</span>
              </div> <!-- configuration-method after -->
              <div class="test-method">
                <span class="method-name">verifyEvents</span>
                <span class="method-start">59956 ms</span>
              </div> <!-- test-method -->
              <div class="configuration-method after">
                <span class="method-name">takesScreenShotOnFailure([TestResult name=verifyEvents status=SUCCESS method=DashboardTest.verifyEvents()[pri:8, instance:Buf...)</span>
                <span class="method-start">66707 ms</span>
              </div> <!-- configuration-method after -->
            </div> <!-- chronological-class -->
            <div class="chronological-class">
              <div class="chronological-class-name">BuffalocartCRM.Project.Scripts.ExpenseTest</div> <!-- chronological-class-name -->
              <div class="test-method">
                <span class="method-name">testBase</span>
                <span class="method-start">66708 ms</span>
              </div> <!-- test-method -->
              <div class="configuration-method after">
                <span class="method-name">takesScreenShotOnFailure([TestResult name=testBase status=SUCCESS method=TestBase.testBase()[pri:0, instance:BuffalocartCRM.P...)</span>
                <span class="method-start">66711 ms</span>
              </div> <!-- configuration-method after -->
              <div class="test-method">
                <img src="failed.png">
                </img>
                <span class="method-name">verifyExpenses</span>
                <span class="method-start">66712 ms</span>
              </div> <!-- test-method -->
              <div class="configuration-method after">
                <span class="method-name">takesScreenShotOnFailure([TestResult name=verifyExpenses status=FAILURE method=ExpenseTest.verifyExpenses()[pri:20, instance:...)</span>
                <span class="method-start">127022 ms</span>
              </div> <!-- configuration-method after -->
              <div class="test-method">
                <img src="failed.png">
                </img>
                <span class="method-name">verifyMonthly</span>
                <span class="method-start">127399 ms</span>
              </div> <!-- test-method -->
              <div class="configuration-method after">
                <span class="method-name">takesScreenShotOnFailure([TestResult name=verifyMonthly status=FAILURE method=ExpenseTest.verifyMonthly()[pri:21, instance:Bu...)</span>
                <span class="method-start">127427 ms</span>
              </div> <!-- configuration-method after -->
              <div class="test-method">
                <img src="failed.png">
                </img>
                <span class="method-name">verifyYearly</span>
                <span class="method-start">127726 ms</span>
              </div> <!-- test-method -->
              <div class="configuration-method after">
                <span class="method-name">takesScreenShotOnFailure([TestResult name=verifyYearly status=FAILURE method=ExpenseTest.verifyYearly()[pri:22, instance:Buff...)</span>
                <span class="method-start">127744 ms</span>
              </div> <!-- configuration-method after -->
              <div class="test-method">
                <img src="failed.png">
                </img>
                <span class="method-name">verifycustom</span>
                <span class="method-start">128069 ms</span>
              </div> <!-- test-method -->
              <div class="configuration-method after">
                <span class="method-name">takesScreenShotOnFailure([TestResult name=verifycustom status=FAILURE method=ExpenseTest.verifycustom()[pri:23, instance:Buff...)</span>
                <span class="method-start">128091 ms</span>
              </div> <!-- configuration-method after -->
              <div class="test-method">
                <img src="failed.png">
                </img>
                <span class="method-name">verifyRecurring</span>
                <span class="method-start">128428 ms</span>
              </div> <!-- test-method -->
              <div class="configuration-method after">
                <span class="method-name">takesScreenShotOnFailure([TestResult name=verifyRecurring status=FAILURE method=ExpenseTest.verifyRecurring()[pri:24, instanc...)</span>
                <span class="method-start">128448 ms</span>
              </div> <!-- configuration-method after -->
              <div class="test-method">
                <img src="failed.png">
                </img>
                <span class="method-name">verifySummary</span>
                <span class="method-start">128828 ms</span>
              </div> <!-- test-method -->
              <div class="configuration-method after">
                <span class="method-name">takesScreenShotOnFailure([TestResult name=verifySummary status=FAILURE method=ExpenseTest.verifySummary()[pri:25, instance:Bu...)</span>
                <span class="method-start">128845 ms</span>
              </div> <!-- configuration-method after -->
              <div class="test-method">
                <img src="failed.png">
                </img>
                <span class="method-name">verifyChart</span>
                <span class="method-start">129228 ms</span>
              </div> <!-- test-method -->
              <div class="configuration-method after">
                <span class="method-name">takesScreenShotOnFailure([TestResult name=verifyChart status=FAILURE method=ExpenseTest.verifyChart()[pri:26, instance:Buffal...)</span>
                <span class="method-start">129248 ms</span>
              </div> <!-- configuration-method after -->
            </div> <!-- chronological-class -->
            <div class="chronological-class">
              <div class="chronological-class-name">BuffalocartCRM.Project.Scripts.EventTest</div> <!-- chronological-class-name -->
              <div class="test-method">
                <span class="method-name">testBase</span>
                <span class="method-start">129591 ms</span>
              </div> <!-- test-method -->
              <div class="configuration-method after">
                <span class="method-name">takesScreenShotOnFailure([TestResult name=testBase status=SUCCESS method=TestBase.testBase()[pri:0, instance:BuffalocartCRM.P...)</span>
                <span class="method-start">129593 ms</span>
              </div> <!-- configuration-method after -->
              <div class="test-method">
                <span class="method-name">verifyEvents</span>
                <span class="method-start">129593 ms</span>
              </div> <!-- test-method -->
              <div class="configuration-method after">
                <span class="method-name">takesScreenShotOnFailure([TestResult name=verifyEvents status=SUCCESS method=EventTest.verifyEvents()[pri:9, instance:Buffalo...)</span>
                <span class="method-start">129656 ms</span>
              </div> <!-- configuration-method after -->
              <div class="test-method">
                <span class="method-name">verifyManage</span>
                <span class="method-start">129657 ms</span>
              </div> <!-- test-method -->
              <div class="configuration-method after">
                <span class="method-name">takesScreenShotOnFailure([TestResult name=verifyManage status=SUCCESS method=EventTest.verifyManage()[pri:10, instance:Buffal...)</span>
                <span class="method-start">129695 ms</span>
              </div> <!-- configuration-method after -->
              <div class="test-method">
                <span class="method-name">verifyAddEvent</span>
                <span class="method-start">129696 ms</span>
              </div> <!-- test-method -->
              <div class="configuration-method after">
                <span class="method-name">takesScreenShotOnFailure([TestResult name=verifyAddEvent status=SUCCESS method=EventTest.verifyAddEvent()[pri:11, instance:Bu...)</span>
                <span class="method-start">129735 ms</span>
              </div> <!-- configuration-method after -->
            </div> <!-- chronological-class -->
            <div class="chronological-class">
              <div class="chronological-class-name">BuffalocartCRM.Project.Scripts.NotesTest</div> <!-- chronological-class-name -->
              <div class="test-method">
                <span class="method-name">testBase</span>
                <span class="method-start">129739 ms</span>
              </div> <!-- test-method -->
              <div class="configuration-method after">
                <span class="method-name">takesScreenShotOnFailure([TestResult name=testBase status=SUCCESS method=TestBase.testBase()[pri:0, instance:BuffalocartCRM.P...)</span>
                <span class="method-start">129741 ms</span>
              </div> <!-- configuration-method after -->
              <div class="test-method">
                <img src="failed.png">
                </img>
                <span class="method-name">verifyNotes</span>
                <span class="method-start">129742 ms</span>
              </div> <!-- test-method -->
              <div class="configuration-method after">
                <span class="method-name">takesScreenShotOnFailure([TestResult name=verifyNotes status=FAILURE method=NotesTest.verifyNotes()[pri:17, instance:Buffaloc...)</span>
                <span class="method-start">129791 ms</span>
              </div> <!-- configuration-method after -->
              <div class="test-method">
                <span class="method-name">verifyManage</span>
                <span class="method-start">130230 ms</span>
              </div> <!-- test-method -->
              <div class="configuration-method after">
                <span class="method-name">takesScreenShotOnFailure([TestResult name=verifyManage status=SUCCESS method=NotesTest.verifyManage()[pri:18, instance:Buffal...)</span>
                <span class="method-start">130299 ms</span>
              </div> <!-- configuration-method after -->
              <div class="test-method">
                <img src="failed.png">
                </img>
                <span class="method-name">verifyAdd</span>
                <span class="method-start">130299 ms</span>
              </div> <!-- test-method -->
              <div class="configuration-method after">
                <span class="method-name">takesScreenShotOnFailure([TestResult name=verifyAdd status=FAILURE method=NotesTest.verifyAdd()[pri:19, instance:BuffalocartC...)</span>
                <span class="method-start">180585 ms</span>
              </div> <!-- configuration-method after -->
            </div> <!-- chronological-class -->
            <div class="chronological-class">
              <div class="chronological-class-name">BuffalocartCRM.Project.Scripts.TaskTest</div> <!-- chronological-class-name -->
              <div class="test-method">
                <span class="method-name">testBase</span>
                <span class="method-start">181026 ms</span>
              </div> <!-- test-method -->
              <div class="configuration-method after">
                <span class="method-name">takesScreenShotOnFailure([TestResult name=testBase status=SUCCESS method=TestBase.testBase()[pri:0, instance:BuffalocartCRM.P...)</span>
                <span class="method-start">181027 ms</span>
              </div> <!-- configuration-method after -->
              <div class="test-method">
                <span class="method-name">verifyTask</span>
                <span class="method-start">181028 ms</span>
              </div> <!-- test-method -->
              <div class="configuration-method after">
                <span class="method-name">takesScreenShotOnFailure([TestResult name=verifyTask status=SUCCESS method=TaskTest.verifyTask()[pri:12, instance:Buffalocart...)</span>
                <span class="method-start">185712 ms</span>
              </div> <!-- configuration-method after -->
              <div class="test-method">
                <span class="method-name">verifyAddMultipleTask</span>
                <span class="method-start">185715 ms</span>
              </div> <!-- test-method -->
              <div class="test-method">
                <span class="method-name">verifyKanban</span>
                <span class="method-start">185793 ms</span>
              </div> <!-- test-method -->
              <div class="configuration-method after">
                <span class="method-name">takesScreenShotOnFailure([TestResult name=verifyAddMultipleTask status=SUCCESS method=TaskTest.verifyAddMultipleTask()[pri:13...)</span>
                <span class="method-start">185793 ms</span>
              </div> <!-- configuration-method after -->
              <div class="test-method">
                <span class="method-name">verifyGantt</span>
                <span class="method-start">189877 ms</span>
              </div> <!-- test-method -->
              <div class="configuration-method after">
                <span class="method-name">takesScreenShotOnFailure([TestResult name=verifyKanban status=SUCCESS method=TaskTest.verifyKanban()[pri:15, instance:Buffalo...)</span>
                <span class="method-start">189877 ms</span>
              </div> <!-- configuration-method after -->
              <div class="configuration-method after">
                <span class="method-name">takesScreenShotOnFailure([TestResult name=verifyGantt status=SUCCESS method=TaskTest.verifyGantt()[pri:16, instance:Buffaloca...)</span>
                <span class="method-start">193928 ms</span>
              </div> <!-- configuration-method after -->
            </div> <!-- chronological-class -->
            <div class="chronological-class">
              <div class="chronological-class-name">BuffalocartCRM.Project.Scripts.LoginTest</div> <!-- chronological-class-name -->
              <div class="configuration-test after">
                <span class="method-name">afterTest</span>
                <span class="method-start">193929 ms</span>
              </div> <!-- configuration-test after -->
          </div> <!-- main-panel-content rounded-window-bottom -->
        </div> <!-- panel -->
      </div> <!-- main-panel-root -->
    </div> <!-- wrapper -->
  </body>
<script type="text/javascript" src="testng-reports2.js"></script>
</html>
