<?xml version="1.0" encoding="UTF-8"?>
<!-- Generated by org.testng.reporters.JUnitXMLReporter -->
<testsuite ignored="2" hostname="LAPTOP-O6K3HA2E" failures="0" tests="6" name="edgetest" time="5.008" errors="0" timestamp="2022-02-08T20:13:47 IST">
  <testcase classname="BuffalocartCRM.Project.Scripts.TestBase" name="@BeforeTest beforeTest" time="4.895">
    <failure type="io.github.bonigarcia.wdm.WebDriverManagerException" message="java.util.NoSuchElementException">
      <![CDATA[io.github.bonigarcia.wdm.WebDriverManagerException: java.util.NoSuchElementException
at io.github.bonigarcia.wdm.WebDriverManager.handleException(WebDriverManager.java:776)
at io.github.bonigarcia.wdm.WebDriverManager.manage(WebDriverManager.java:550)
at io.github.bonigarcia.wdm.WebDriverManager.handleException(WebDriverManager.java:773)
at io.github.bonigarcia.wdm.WebDriverManager.manage(WebDriverManager.java:550)
at io.github.bonigarcia.wdm.WebDriverManager.handleException(WebDriverManager.java:766)
at io.github.bonigarcia.wdm.WebDriverManager.manage(WebDriverManager.java:550)
at io.github.bonigarcia.wdm.WebDriverManager.setup(WebDriverManager.java:260)
at BuffalocartCRM.Project.Scripts.TestBase.beforeTest(TestBase.java:86)
Caused by: java.util.NoSuchElementException
at java.base/java.util.ArrayList$Itr.next(ArrayList.java:970)
at io.github.bonigarcia.wdm.EdgeDriverManager.checkLatest(EdgeDriverManager.java:179)
at io.github.bonigarcia.wdm.WebDriverManager.filterCandidateUrls(WebDriverManager.java:799)
at io.github.bonigarcia.wdm.WebDriverManager.downloadAndExport(WebDriverManager.java:568)
at io.github.bonigarcia.wdm.WebDriverManager.manage(WebDriverManager.java:547)
... 30 more
... Removed 24 stack frames]]>
    </failure>
  </testcase> <!-- @BeforeTest beforeTest -->
  <testcase classname="BuffalocartCRM.Project.Scripts.TestBase" name="@AfterMethod takesScreenShotOnFailure" time="-1.644331427101E9">
    <skipped/>
  </testcase> <!-- @AfterMethod takesScreenShotOnFailure -->
  <testcase classname="BuffalocartCRM.Project.Scripts.TestBase" name="@AfterMethod takesScreenShotOnFailure" time="-1.644331427103E9">
    <skipped/>
  </testcase> <!-- @AfterMethod takesScreenShotOnFailure -->
  <testcase classname="BuffalocartCRM.Project.Scripts.TestBase" name="@AfterMethod takesScreenShotOnFailure" time="-1.644331427129E9">
    <skipped/>
  </testcase> <!-- @AfterMethod takesScreenShotOnFailure -->
  <testcase classname="BuffalocartCRM.Project.Scripts.TestBase" name="@AfterMethod takesScreenShotOnFailure" time="-1.64433142715E9">
    <skipped/>
  </testcase> <!-- @AfterMethod takesScreenShotOnFailure -->
  <testcase classname="BuffalocartCRM.Project.Scripts.TestBase" name="@AfterMethod takesScreenShotOnFailure" time="-1.644331427169E9">
    <skipped/>
  </testcase> <!-- @AfterMethod takesScreenShotOnFailure -->
  <testcase classname="BuffalocartCRM.Project.Scripts.TestBase" name="@AfterMethod takesScreenShotOnFailure" time="-1.6443314272E9">
    <skipped/>
  </testcase> <!-- @AfterMethod takesScreenShotOnFailure -->
  <testcase classname="BuffalocartCRM.Project.Scripts.TestBase" name="@AfterTest afterTest" time="-1.644331427203E9">
    <skipped/>
  </testcase> <!-- @AfterTest afterTest -->
  <testcase classname="BuffalocartCRM.Project.Scripts.TestBase" name="testBase" time="0.0">
    <skipped/>
  </testcase> <!-- testBase -->
  <testcase classname="BuffalocartCRM.Project.Scripts.TestBase" name="testBase" time="0.0">
    <skipped/>
  </testcase> <!-- testBase -->
  <testcase classname="BuffalocartCRM.Project.Scripts.LoginTest" name="verifyLoginWithInvalidusernameInvalidpassword" time="0.0">
    <skipped/>
  </testcase> <!-- verifyLoginWithInvalidusernameInvalidpassword -->
  <testcase classname="BuffalocartCRM.Project.Scripts.LoginTest" name="verifyLoginWithValidusernameInvalidpassword" time="0.0">
    <skipped/>
  </testcase> <!-- verifyLoginWithValidusernameInvalidpassword -->
  <testcase classname="BuffalocartCRM.Project.Scripts.LoginTest" name="verifyLoginWithInvalidusernameValidpassword" time="0.0">
    <skipped/>
  </testcase> <!-- verifyLoginWithInvalidusernameValidpassword -->
  <testcase classname="BuffalocartCRM.Project.Scripts.LoginTest" name="verifyLoginWithValidusernameValidpassword" time="0.0">
    <skipped/>
  </testcase> <!-- verifyLoginWithValidusernameValidpassword -->
  <testcase classname="BuffalocartCRM.Project.Scripts.TestBase" name="@AfterTest afterTest" time="0.0">
    <ignored/>
  </testcase> <!-- @AfterTest afterTest -->
  <testcase classname="BuffalocartCRM.Project.Scripts.TestBase" name="@BeforeTest beforeTest" time="0.0">
    <ignored/>
  </testcase> <!-- @BeforeTest beforeTest -->
</testsuite> <!-- edgetest -->
