<?xml version="1.0" encoding="UTF-8"?>
<!-- Generated by org.testng.reporters.JUnitXMLReporter -->
<testsuite ignored="0" hostname="LAPTOP-O6K3HA2E" failures="1" tests="5" name="firefoxtest" time="19.175" errors="0" timestamp="2022-02-08T20:14:06 IST">
  <testcase classname="BuffalocartCRM.Project.Scripts.TestBase" name="testBase" time="0.001"/>
  <testcase classname="BuffalocartCRM.Project.Scripts.LoginTest" name="verifyLoginWithInvalidusernameInvalidpassword" time="0.326"/>
  <testcase classname="BuffalocartCRM.Project.Scripts.LoginTest" name="verifyLoginWithValidusernameInvalidpassword" time="0.332"/>
  <testcase classname="BuffalocartCRM.Project.Scripts.LoginTest" name="verifyLoginWithInvalidusernameValidpassword" time="0.329"/>
  <testcase classname="BuffalocartCRM.Project.Scripts.LoginTest" name="verifyLoginWithValidusernameValidpassword" time="4.296">
    <failure type="java.lang.AssertionError" message="expected [Dashboard | Demo- Project Manager] but found [Sign in | Demo- Project Manager]">
      <![CDATA[java.lang.AssertionError: expected [Dashboard | Demo- Project Manager] but found [Sign in | Demo- Project Manager]
at BuffalocartCRM.Project.Scripts.LoginTest.verifyLoginWithValidusernameValidpassword(LoginTest.java:72)
at java.base/java.util.ArrayList.forEach(ArrayList.java:1511)
... Removed 33 stack frames]]>
    </failure>
  </testcase> <!-- verifyLoginWithValidusernameValidpassword -->
</testsuite> <!-- firefoxtest -->
